<?xml version="1.0" encoding="UTF-8"?>
<testsuites name="Get Token" time="12.541" tests="1" failures="0" errors="0">
   <testsuite name="Get Token" tests="1" failures="0" errors="0" time="12.541" skipped="0" timestamp="2022-04-21 14:36:10" hostname="Nia Yusniati - Apandi" id="Test Suites/Get Token">
      <properties>
         <property name="deviceName" value=""/>
         <property name="devicePlatform" value=""/>
         <property name="logFolder" value="C:\\Users\\Nia Yusniati\\Git_Asa\\Personal Accident\\Reports\\20220421_143531\\Get Token\\20220421_143531"/>
         <property name="logFiles" value="C:\\Users\\Nia Yusniati\\Git_Asa\\Personal Accident\\Reports\\20220421_143531\\Get Token\\20220421_143531\\execution0.log"/>
         <property name="attachments" value=""/>
         <property name="hostName" value="Nia Yusniati - Apandi"/>
         <property name="hostAddress" value="192.168.250.3"/>
         <property name="os" value="Windows 10 64bit"/>
         <property name="katalonVersion" value="8.1.0.208"/>
      </properties>
      <testcase name="Test Cases/1. get token -- pa-order" time="10.034" classname="Test Cases/1. get token -- pa-order" status="PASSED">
         <system-out><![CDATA[2022-04-21 14:36:11 - [TEST_CASE][PASSED] - Test Cases/1. get token -- pa-order: Test Cases/1. get token -- pa-order

2022-04-21 14:36:13 - [TEST_STEP][PASSED] - token = sendRequest(findTestObject("get-token")): Send request successfully

2022-04-21 14:36:16 - [MESSAGE][INFO] - HAR: C:\Users\Nia Yusniati\Git_Asa\Personal Accident\Reports\20220421_143531\Get Token\20220421_143531\requests\main\0.har

2022-04-21 14:36:17 - [MESSAGE][PASSED] - Send request successfully

2022-04-21 14:36:17 - [TEST_STEP][PASSED] - slurper = new groovy.json.JsonSlurper(): null

2022-04-21 14:36:17 - [TEST_STEP][PASSED] - get_token = slurper.parseText(token.getResponseBodyContent()): null

2022-04-21 14:36:17 - [TEST_STEP][PASSED] - private_token = access_token: null

2022-04-21 14:36:17 - [TEST_STEP][PASSED] - global_token = private_token: null

2022-04-21 14:36:17 - [TEST_STEP][PASSED] - println("token is :" + global_token): null

2022-04-21 14:36:17 - [TEST_STEP][PASSED] - response_token = token.getResponseText(): null

2022-04-21 14:36:17 - [TEST_STEP][PASSED] - logInfo($response_token): 
            {
                "token_type": "BearerToken",
                "access_token": "Zot02eApnc1mlo39AqlPTQd4HMR0",
                "expires_in": "599",
                "scope": ""
            }
        

2022-04-21 14:36:17 - [MESSAGE][INFO] - 
            {
                "token_type": "BearerToken",
                "access_token": "Zot02eApnc1mlo39AqlPTQd4HMR0",
                "expires_in": "599",
                "scope": ""
            }
        

2022-04-21 14:36:17 - [TEST_STEP][PASSED] - order = sendRequest(findTestObject("pa-order", ["token":private_token, "order_date":order_date, "maskapai_id":maskapai_id, "page":page, "row":row, "source":source])): Send request successfully

2022-04-21 14:36:21 - [MESSAGE][INFO] - HAR: C:\Users\Nia Yusniati\Git_Asa\Personal Accident\Reports\20220421_143531\Get Token\20220421_143531\requests\main\1.har

2022-04-21 14:36:21 - [MESSAGE][PASSED] - Send request successfully

2022-04-21 14:36:21 - [TEST_STEP][PASSED] - get_order = order.getResponseText(): null

2022-04-21 14:36:21 - [TEST_STEP][PASSED] - logInfo($get_order): {
  "ErrorCode" : "04",
  "ErrorMessage" : "Data pada page ini telah diorder",
  "Page" : "",
  "TotalPage" : "20",
  "TotalDataOrder" : "20",
  "TotalDataBelumTerimaPolis" : "33",
  "TotalDataEndorse" : "0",
  "Data" : {
    "Order" : [ ],
    "BelumTerimaPolis" : [ {
      "Konsumen" : {
        "OrderID" : "29D947AC-1F9A-4871-807A-0008CA1B533B",
        "AppID" : "2712032",
        "NoKontrak" : "",
        "Nama" : "SCRAMBLE",
        "JenisKelamin" : "M",
        "NIK" : "3201020406760018",
        "TempatLahir" : "SCRAMBLE",
        "TanggalLahir" : "1976-06-04T00:00:00.000+0700",
        "Alamat" : {
          "DetailAlamat" : "SCRAMBLE",
          "Kelurahan" : "SCRAMBLE",
          "Kecamatan" : "SCRAMBLE",
          "KabupatenKota" : "SCRAMBLE",
          "Provinsi" : "SCRAMBLE",
          "KodePos" : "16964"
        },
        "Perkerjaan" : "SCRAMBLE",
        "TempatKonsumenBekerja" : "SCRAMBLE"
      },
      "Polis" : {
        "TanggalMulaiPolis" : "2021-07-30T00:00:00.000+0700",
        "TanggalSelesaiPolis" : "2024-06-30T00:00:00.000+0700",
        "Rate" : "0.2",
        "TotalSumInsured" : "200000000"
      }
    }, {
      "Konsumen" : {
        "OrderID" : "15C939C6-D83F-4FF2-BF9F-001268802457",
        "AppID" : "2714727",
        "NoKontrak" : "",
        "Nama" : "SCRAMBLE",
        "JenisKelamin" : "",
        "NIK" : "113",
        "TempatLahir" : "SCRAMBLE",
        "TanggalLahir" : "1900-01-01T00:00:00.000+0700",
        "Alamat" : {
          "DetailAlamat" : "SCRAMBLE",
          "Kelurahan" : "SCRAMBLE",
          "Kecamatan" : "SCRAMBLE",
          "KabupatenKota" : "SCRAMBLE",
          "Provinsi" : "SCRAMBLE",
          "KodePos" : "11230"
        },
        "Perkerjaan" : "SCRAMBLE",
        "TempatKonsumenBekerja" : "SCRAMBLE"
      },
      "Polis" : {
        "TanggalMulaiPolis" : "2021-07-30T00:00:00.000+0700",
        "TanggalSelesaiPolis" : "2024-06-30T00:00:00.000+0700",
        "Rate" : "0.2",
        "TotalSumInsured" : "200000000"
      }
    }, {
      "Konsumen" : {
        "OrderID" : "A2161EAF-0E80-48DC-AE02-001443EF43A8",
        "AppID" : "2709117",
        "NoKontrak" : "",
        "Nama" : "SCRAMBLE",
        "JenisKelamin" : "",
        "NIK" : "36",
        "TempatLahir" : "SCRAMBLE",
        "TanggalLahir" : "2008-12-19T00:00:00.000+0700",
        "Alamat" : {
          "DetailAlamat" : "SCRAMBLE",
          "Kelurahan" : "SCRAMBLE",
          "Kecamatan" : "SCRAMBLE",
          "KabupatenKota" : "SCRAMBLE",
          "Provinsi" : "SCRAMBLE",
          "KodePos" : "97127"
        },
        "Perkerjaan" : "SCRAMBLE",
        "TempatKonsumenBekerja" : "SCRAMBLE"
      },
      "Polis" : {
        "TanggalMulaiPolis" : "2021-08-02T00:00:00.000+0700",
        "TanggalSelesaiPolis" : "2022-07-02T00:00:00.000+0700",
        "Rate" : "0.2",
        "TotalSumInsured" : "200000000"
      }
    }, {
      "Konsumen" : {
        "OrderID" : "940E9A1A-1772-465A-AE84-001676D1F4F7",
        "AppID" : "2715275",
        "NoKontrak" : "",
        "Nama" : "SCRAMBLE",
        "JenisKelamin" : "M",
        "NIK" : "3318100808880010",
        "TempatLahir" : "SCRAMBLE",
        "TanggalLahir" : "1988-08-08T00:00:00.000+0700",
        "Alamat" : {
          "DetailAlamat" : "SCRAMBLE",
          "Kelurahan" : "SCRAMBLE",
          "Kecamatan" : "SCRAMBLE",
          "KabupatenKota" : "SCRAMBLE",
          "Provinsi" : "SCRAMBLE",
          "KodePos" : "59114"
        },
        "Perkerjaan" : "SCRAMBLE",
        "TempatKonsumenBekerja" : "SCRAMBLE"
      },
      "Polis" : {
        "TanggalMulaiPolis" : "2021-07-30T00:00:00.000+0700",
        "TanggalSelesaiPolis" : "2023-06-30T00:00:00.000+0700",
        "Rate" : "0.2",
        "TotalSumInsured" : "200000000"
      }
    }, {
      "Konsumen" : {
        "OrderID" : "771B82DC-A851-4DF7-BC77-0020013F1A16",
        "AppID" : "2750251",
        "NoKontrak" : "",
        "Nama" : "SCRAMBLE",
        "JenisKelamin" : "F",
        "NIK" : "SCRAMBLE",
        "TempatLahir" : "SCRAMBLE",
        "TanggalLahir" : "2022-02-12T00:00:00.000+0700",
        "Alamat" : {
          "DetailAlamat" : "SCRAMBLE",
          "Kelurahan" : "SCRAMBLE",
          "Kecamatan" : "SCRAMBLE",
          "KabupatenKota" : "SCRAMBLE",
          "Provinsi" : "SCRAMBLE",
          "KodePos" : "16969"
        },
        "Perkerjaan" : "SCRAMBLE",
        "TempatKonsumenBekerja" : "SCRAMBLE"
      },
      "Polis" : {
        "TanggalMulaiPolis" : "2021-09-29T00:00:00.000+0700",
        "TanggalSelesaiPolis" : "2026-08-29T00:00:00.000+0700",
        "Rate" : "0.2",
        "TotalSumInsured" : "200000000"
      }
    }, {
      "Konsumen" : {
        "OrderID" : "DA520A87-E167-4373-8363-002885CDF004",
        "AppID" : "2732525",
        "NoKontrak" : "",
        "Nama" : "SCRAMBLE",
        "JenisKelamin" : "M",
        "NIK" : "3404060106870001",
        "TempatLahir" : "SCRAMBLE",
        "TanggalLahir" : "1987-06-01T00:00:00.000+0700",
        "Alamat" : {
          "DetailAlamat" : "SCRAMBLE",
          "Kelurahan" : "SCRAMBLE",
          "Kecamatan" : "SCRAMBLE",
          "KabupatenKota" : "SCRAMBLE",
          "Provinsi" : "SCRAMBLE",
          "KodePos" : "55196"
        },
        "Perkerjaan" : "SCRAMBLE",
        "TempatKonsumenBekerja" : "SCRAMBLE"
      },
      "Polis" : {
        "TanggalMulaiPolis" : "2021-09-30T00:00:00.000+0700",
        "TanggalSelesaiPolis" : "2024-08-30T00:00:00.000+0700",
        "Rate" : "0.2",
        "TotalSumInsured" : "200000000"
      }
    }, {
      "Konsumen" : {
        "OrderID" : "5007FE36-E411-4CC0-AC50-00289B0539DA",
        "AppID" : "2712231",
        "NoKontrak" : "",
        "Nama" : "SCRAMBLE",
        "JenisKelamin" : "",
        "NIK" : "30",
        "TempatLahir" : "SCRAMBLE",
        "TanggalLahir" : "2016-09-09T00:00:00.000+0700",
        "Alamat" : {
          "DetailAlamat" : "SCRAMBLE",
          "Kelurahan" : "SCRAMBLE",
          "Kecamatan" : "SCRAMBLE",
          "KabupatenKota" : "SCRAMBLE",
          "Provinsi" : "SCRAMBLE",
          "KodePos" : "40553"
        },
        "Perkerjaan" : "SCRAMBLE",
        "TempatKonsumenBekerja" : "SCRAMBLE"
      },
      "Polis" : {
        "TanggalMulaiPolis" : "2021-07-30T00:00:00.000+0700",
        "TanggalSelesaiPolis" : "2023-06-30T00:00:00.000+0700",
        "Rate" : "0.2",
        "TotalSumInsured" : "200000000"
      }
    }, {
      "Konsumen" : {
        "OrderID" : "9704C84E-C61B-4AD0-BDAE-003D7D46C629",
        "AppID" : "2713480",
        "NoKontrak" : "",
        "Nama" : "SCRAMBLE",
        "JenisKelamin" : "F",
        "NIK" : "SCRAMBLE",
        "TempatLahir" : "SCRAMBLE",
        "TanggalLahir" : "2022-02-12T00:00:00.000+0700",
        "Alamat" : {
          "DetailAlamat" : "SCRAMBLE",
          "Kelurahan" : "SCRAMBLE",
          "Kecamatan" : "SCRAMBLE",
          "KabupatenKota" : "SCRAMBLE",
          "Provinsi" : "SCRAMBLE",
          "KodePos" : "50742"
        },
        "Perkerjaan" : "SCRAMBLE",
        "TempatKonsumenBekerja" : "SCRAMBLE"
      },
      "Polis" : {
        "TanggalMulaiPolis" : "2021-07-30T00:00:00.000+0700",
        "TanggalSelesaiPolis" : "2027-06-30T00:00:00.000+0700",
        "Rate" : "0.2",
        "TotalSumInsured" : "200000000"
      }
    }, {
      "Konsumen" : {
        "OrderID" : "E2C93E06-B401-4483-BA48-007D826E07EE",
        "AppID" : "2691102",
        "NoKontrak" : "",
        "Nama" : "SCRAMBLE",
        "JenisKelamin" : "M",
        "NIK" : "SCRAMBLE",
        "TempatLahir" : "SCRAMBLE",
        "TanggalLahir" : "2022-02-12T00:00:00.000+0700",
        "Alamat" : {
          "DetailAlamat" : "SCRAMBLE",
          "Kelurahan" : "SCRAMBLE",
          "Kecamatan" : "SCRAMBLE",
          "KabupatenKota" : "SCRAMBLE",
          "Provinsi" : "SCRAMBLE",
          "KodePos" : "14240"
        },
        "Perkerjaan" : "SCRAMBLE",
        "TempatKonsumenBekerja" : "SCRAMBLE"
      },
      "Polis" : {
        "TanggalMulaiPolis" : "2021-08-02T00:00:00.000+0700",
        "TanggalSelesaiPolis" : "2024-07-02T00:00:00.000+0700",
        "Rate" : "0.2",
        "TotalSumInsured" : "200000000"
      }
    }, {
      "Konsumen" : {
        "OrderID" : "BBB186DB-3DAB-486F-BE36-00FBCA1ED5E9",
        "AppID" : "2704723",
        "NoKontrak" : "",
        "Nama" : "SCRAMBLE",
        "JenisKelamin" : "F",
        "NIK" : "SCRAMBLE",
        "TempatLahir" : "SCRAMBLE",
        "TanggalLahir" : "2022-02-12T00:00:00.000+0700",
        "Alamat" : {
          "DetailAlamat" : "SCRAMBLE",
          "Kelurahan" : "SCRAMBLE",
          "Kecamatan" : "SCRAMBLE",
          "KabupatenKota" : "SCRAMBLE",
          "Provinsi" : "SCRAMBLE",
          "KodePos" : "96181"
        },
        "Perkerjaan" : "SCRAMBLE",
        "TempatKonsumenBekerja" : "SCRAMBLE"
      },
      "Polis" : {
        "TanggalMulaiPolis" : "2021-08-02T00:00:00.000+0700",
        "TanggalSelesaiPolis" : "2025-07-02T00:00:00.000+0700",
        "Rate" : "0.2",
        "TotalSumInsured" : "200000000"
      }
    }, {
      "Konsumen" : {
        "OrderID" : "3EEDEF80-696F-4A8E-A37D-010B0A329EFD",
        "AppID" : "2715770",
        "NoKontrak" : "",
        "Nama" : "SCRAMBLE",
        "JenisKelamin" : "M",
        "NIK" : "3175072810610001",
        "TempatLahir" : "SCRAMBLE",
        "TanggalLahir" : "1961-10-28T00:00:00.000+0730",
        "Alamat" : {
          "DetailAlamat" : "SCRAMBLE",
          "Kelurahan" : "SCRAMBLE",
          "Kecamatan" : "SCRAMBLE",
          "KabupatenKota" : "SCRAMBLE",
          "Provinsi" : "SCRAMBLE",
          "KodePos" : "13440"
        },
        "Perkerjaan" : "SCRAMBLE",
        "TempatKonsumenBekerja" : "SCRAMBLE"
      },
      "Polis" : {
        "TanggalMulaiPolis" : "2021-08-02T00:00:00.000+0700",
        "TanggalSelesaiPolis" : "2023-07-02T00:00:00.000+0700",
        "Rate" : "0.2",
        "TotalSumInsured" : "200000000"
      }
    }, {
      "Konsumen" : {
        "OrderID" : "0550CBED-A956-46C1-8C92-01482F3A5281",
        "AppID" : "2710962",
        "NoKontrak" : "",
        "Nama" : "SCRAMBLE",
        "JenisKelamin" : "M",
        "NIK" : "SCRAMBLE",
        "TempatLahir" : "SCRAMBLE",
        "TanggalLahir" : "2022-02-12T00:00:00.000+0700",
        "Alamat" : {
          "DetailAlamat" : "SCRAMBLE",
          "Kelurahan" : "SCRAMBLE",
          "Kecamatan" : "SCRAMBLE",
          "KabupatenKota" : "SCRAMBLE",
          "Provinsi" : "SCRAMBLE",
          "KodePos" : "28784"
        },
        "Perkerjaan" : "SCRAMBLE",
        "TempatKonsumenBekerja" : "SCRAMBLE"
      },
      "Polis" : {
        "TanggalMulaiPolis" : "2021-08-02T00:00:00.000+0700",
        "TanggalSelesaiPolis" : "2025-07-02T00:00:00.000+0700",
        "Rate" : "0.2",
        "TotalSumInsured" : "200000000"
      }
    }, {
      "Konsumen" : {
        "OrderID" : "BC1AB1D5-EE89-4FBC-B7E8-018DFDBF5ED2",
        "AppID" : "2712918",
        "NoKontrak" : "",
        "Nama" : "SCRAMBLE",
        "JenisKelamin" : "M",
        "NIK" : "SCRAMBLE",
        "TempatLahir" : "SCRAMBLE",
        "TanggalLahir" : "2022-02-12T00:00:00.000+0700",
        "Alamat" : {
          "DetailAlamat" : "SCRAMBLE",
          "Kelurahan" : "SCRAMBLE",
          "Kecamatan" : "SCRAMBLE",
          "KabupatenKota" : "SCRAMBLE",
          "Provinsi" : "SCRAMBLE",
          "KodePos" : "38656"
        },
        "Perkerjaan" : "SCRAMBLE",
        "TempatKonsumenBekerja" : "SCRAMBLE"
      },
      "Polis" : {
        "TanggalMulaiPolis" : "2021-07-30T00:00:00.000+0700",
        "TanggalSelesaiPolis" : "2024-06-30T00:00:00.000+0700",
        "Rate" : "0.2",
        "TotalSumInsured" : "200000000"
      }
    }, {
      "Konsumen" : {
        "OrderID" : "292348A1-826A-4DF3-8E39-019993CF8A3C",
        "AppID" : "2711665",
        "NoKontrak" : "",
        "Nama" : "SCRAMBLE",
        "JenisKelamin" : "M",
        "NIK" : "SCRAMBLE",
        "TempatLahir" : "SCRAMBLE",
        "TanggalLahir" : "2022-02-12T00:00:00.000+0700",
        "Alamat" : {
          "DetailAlamat" : "SCRAMBLE",
          "Kelurahan" : "SCRAMBLE",
          "Kecamatan" : "SCRAMBLE",
          "KabupatenKota" : "SCRAMBLE",
          "Provinsi" : "SCRAMBLE",
          "KodePos" : "28992"
        },
        "Perkerjaan" : "SCRAMBLE",
        "TempatKonsumenBekerja" : "SCRAMBLE"
      },
      "Polis" : {
        "TanggalMulaiPolis" : "2021-07-30T00:00:00.000+0700",
        "TanggalSelesaiPolis" : "2025-06-30T00:00:00.000+0700",
        "Rate" : "0.2",
        "TotalSumInsured" : "200000000"
      }
    }, {
      "Konsumen" : {
        "OrderID" : "F4C8E0ED-532F-42F1-9CAE-01EDAD7E74DF",
        "AppID" : "2710076",
        "NoKontrak" : "",
        "Nama" : "SCRAMBLE",
        "JenisKelamin" : "F",
        "NIK" : "SCRAMBLE",
        "TempatLahir" : "SCRAMBLE",
        "TanggalLahir" : "2022-02-12T00:00:00.000+0700",
        "Alamat" : {
          "DetailAlamat" : "SCRAMBLE",
          "Kelurahan" : "SCRAMBLE",
          "Kecamatan" : "SCRAMBLE",
          "KabupatenKota" : "SCRAMBLE",
          "Provinsi" : "SCRAMBLE",
          "KodePos" : "31627"
        },
        "Perkerjaan" : "SCRAMBLE",
        "TempatKonsumenBekerja" : "SCRAMBLE"
      },
      "Polis" : {
        "TanggalMulaiPolis" : "2021-07-30T00:00:00.000+0700",
        "TanggalSelesaiPolis" : "2025-06-30T00:00:00.000+0700",
        "Rate" : "0.2",
        "TotalSumInsured" : "200000000"
      }
    }, {
      "Konsumen" : {
        "OrderID" : "FF8F7E27-BE35-42E5-B375-0294BC080CCF",
        "AppID" : "2712879",
        "NoKontrak" : "",
        "Nama" : "SCRAMBLE",
        "JenisKelamin" : "",
        "NIK" : "SCRAMBLE",
        "TempatLahir" : "SCRAMBLE",
        "TanggalLahir" : "2022-02-12T00:00:00.000+0700",
        "Alamat" : {
          "DetailAlamat" : "SCRAMBLE",
          "Kelurahan" : "SCRAMBLE",
          "Kecamatan" : "SCRAMBLE",
          "KabupatenKota" : "SCRAMBLE",
          "Provinsi" : "SCRAMBLE",
          "KodePos" : "10220"
        },
        "Perkerjaan" : "SCRAMBLE",
        "TempatKonsumenBekerja" : "SCRAMBLE"
      },
      "Polis" : {
        "TanggalMulaiPolis" : "2021-07-30T00:00:00.000+0700",
        "TanggalSelesaiPolis" : "2024-06-30T00:00:00.000+0700",
        "Rate" : "0.2",
        "TotalSumInsured" : "200000000"
      }
    }, {
      "Konsumen" : {
        "OrderID" : "D165D01E-735B-44C4-9CCA-02A71BB6B9C6",
        "AppID" : "2707760",
        "NoKontrak" : "",
        "Nama" : "SCRAMBLE",
        "JenisKelamin" : "M",
        "NIK" : "SCRAMBLE",
        "TempatLahir" : "SCRAMBLE",
        "TanggalLahir" : "2022-02-12T00:00:00.000+0700",
        "Alamat" : {
          "DetailAlamat" : "SCRAMBLE",
          "Kelurahan" : "SCRAMBLE",
          "Kecamatan" : "SCRAMBLE",
          "KabupatenKota" : "SCRAMBLE",
          "Provinsi" : "SCRAMBLE",
          "KodePos" : "51141"
        },
        "Perkerjaan" : "SCRAMBLE",
        "TempatKonsumenBekerja" : "SCRAMBLE"
      },
      "Polis" : {
        "TanggalMulaiPolis" : "2021-07-30T00:00:00.000+0700",
        "TanggalSelesaiPolis" : "2024-06-30T00:00:00.000+0700",
        "Rate" : "0.2",
        "TotalSumInsured" : "200000000"
      }
    }, {
      "Konsumen" : {
        "OrderID" : "A5157CA2-D9EB-4AB1-9A37-0DC2CF4248C0",
        "AppID" : "2714570",
        "NoKontrak" : "",
        "Nama" : "SCRAMBLE",
        "JenisKelamin" : "M",
        "NIK" : "SCRAMBLE",
        "TempatLahir" : "SCRAMBLE",
        "TanggalLahir" : "2022-02-12T00:00:00.000+0700",
        "Alamat" : {
          "DetailAlamat" : "SCRAMBLE",
          "Kelurahan" : "SCRAMBLE",
          "Kecamatan" : "SCRAMBLE",
          "KabupatenKota" : "SCRAMBLE",
          "Provinsi" : "SCRAMBLE",
          "KodePos" : "61256"
        },
        "Perkerjaan" : "SCRAMBLE",
        "TempatKonsumenBekerja" : "SCRAMBLE"
      },
      "Polis" : {
        "TanggalMulaiPolis" : "2021-08-02T00:00:00.000+0700",
        "TanggalSelesaiPolis" : "2025-07-02T00:00:00.000+0700",
        "Rate" : "0.2",
        "TotalSumInsured" : "200000000"
      }
    }, {
      "Konsumen" : {
        "OrderID" : "7B6501F6-72B3-4E34-A884-0DFC21337C02",
        "AppID" : "2655029",
        "NoKontrak" : "",
        "Nama" : "SCRAMBLE",
        "JenisKelamin" : "M",
        "NIK" : "SCRAMBLE",
        "TempatLahir" : "SCRAMBLE",
        "TanggalLahir" : "2022-02-12T00:00:00.000+0700",
        "Alamat" : {
          "DetailAlamat" : "SCRAMBLE",
          "Kelurahan" : "SCRAMBLE",
          "Kecamatan" : "SCRAMBLE",
          "KabupatenKota" : "SCRAMBLE",
          "Provinsi" : "SCRAMBLE",
          "KodePos" : "11310"
        },
        "Perkerjaan" : "SCRAMBLE",
        "TempatKonsumenBekerja" : "SCRAMBLE"
      },
      "Polis" : {
        "TanggalMulaiPolis" : "2021-08-02T00:00:00.000+0700",
        "TanggalSelesaiPolis" : "2022-07-02T00:00:00.000+0700",
        "Rate" : "0.2",
        "TotalSumInsured" : "200000000"
      }
    }, {
      "Konsumen" : {
        "OrderID" : "76FB49BF-EAC8-46B4-A2BA-9719F1FDA4D2",
        "AppID" : "2690868",
        "NoKontrak" : "",
        "Nama" : "SCRAMBLE",
        "JenisKelamin" : "M",
        "NIK" : "SCRAMBLE",
        "TempatLahir" : "SCRAMBLE",
        "TanggalLahir" : "2022-02-12T00:00:00.000+0700",
        "Alamat" : {
          "DetailAlamat" : "SCRAMBLE",
          "Kelurahan" : "SCRAMBLE",
          "Kecamatan" : "SCRAMBLE",
          "KabupatenKota" : "SCRAMBLE",
          "Provinsi" : "SCRAMBLE",
          "KodePos" : "40921"
        },
        "Perkerjaan" : "SCRAMBLE",
        "TempatKonsumenBekerja" : "SCRAMBLE"
      },
      "Polis" : {
        "TanggalMulaiPolis" : "2021-08-02T00:00:00.000+0700",
        "TanggalSelesaiPolis" : "2024-07-02T00:00:00.000+0700",
        "Rate" : "0.2",
        "TotalSumInsured" : "200000000"
      }
    }, {
      "Konsumen" : {
        "OrderID" : "31088472-3BE5-473A-A2A3-7FA39BEF7DC0",
        "AppID" : "2690907",
        "NoKontrak" : "",
        "Nama" : "SCRAMBLE",
        "JenisKelamin" : "F",
        "NIK" : "SCRAMBLE",
        "TempatLahir" : "SCRAMBLE",
        "TanggalLahir" : "2022-02-12T00:00:00.000+0700",
        "Alamat" : {
          "DetailAlamat" : "SCRAMBLE",
          "Kelurahan" : "SCRAMBLE",
          "Kecamatan" : "SCRAMBLE",
          "KabupatenKota" : "SCRAMBLE",
          "Provinsi" : "SCRAMBLE",
          "KodePos" : "60115"
        },
        "Perkerjaan" : "SCRAMBLE",
        "TempatKonsumenBekerja" : "SCRAMBLE"
      },
      "Polis" : {
        "TanggalMulaiPolis" : "2021-08-02T00:00:00.000+0700",
        "TanggalSelesaiPolis" : "2022-07-02T00:00:00.000+0700",
        "Rate" : "0.2",
        "TotalSumInsured" : "200000000"
      }
    }, {
      "Konsumen" : {
        "OrderID" : "75991D4A-53EE-4D49-8DF1-80B68E777843",
        "AppID" : "2713445",
        "NoKontrak" : "",
        "Nama" : "SCRAMBLE",
        "JenisKelamin" : "F",
        "NIK" : "3175024206770002",
        "TempatLahir" : "SCRAMBLE",
        "TanggalLahir" : "1977-06-02T00:00:00.000+0700",
        "Alamat" : {
          "DetailAlamat" : "SCRAMBLE",
          "Kelurahan" : "SCRAMBLE",
          "Kecamatan" : "SCRAMBLE",
          "KabupatenKota" : "SCRAMBLE",
          "Provinsi" : "SCRAMBLE",
          "KodePos" : "13230"
        },
        "Perkerjaan" : "SCRAMBLE",
        "TempatKonsumenBekerja" : "SCRAMBLE"
      },
      "Polis" : {
        "TanggalMulaiPolis" : "2021-08-02T00:00:00.000+0700",
        "TanggalSelesaiPolis" : "2023-07-02T00:00:00.000+0700",
        "Rate" : "0.2",
        "TotalSumInsured" : "200000000"
      }
    }, {
      "Konsumen" : {
        "OrderID" : "5FA5FBC1-40F8-41B4-B6C0-89222F4EF69B",
        "AppID" : "2713549",
        "NoKontrak" : "",
        "Nama" : "SCRAMBLE",
        "JenisKelamin" : "F",
        "NIK" : "SCRAMBLE",
        "TempatLahir" : "SCRAMBLE",
        "TanggalLahir" : "2022-02-12T00:00:00.000+0700",
        "Alamat" : {
          "DetailAlamat" : "SCRAMBLE",
          "Kelurahan" : "SCRAMBLE",
          "Kecamatan" : "SCRAMBLE",
          "KabupatenKota" : "SCRAMBLE",
          "Provinsi" : "SCRAMBLE",
          "KodePos" : "16340"
        },
        "Perkerjaan" : "SCRAMBLE",
        "TempatKonsumenBekerja" : "SCRAMBLE"
      },
      "Polis" : {
        "TanggalMulaiPolis" : "2021-08-02T00:00:00.000+0700",
        "TanggalSelesaiPolis" : "2026-07-02T00:00:00.000+0700",
        "Rate" : "0.2",
        "TotalSumInsured" : "200000000"
      }
    }, {
      "Konsumen" : {
        "OrderID" : "FE53CECB-A061-4684-81BD-90E5FE4C63EA",
        "AppID" : "2715276",
        "NoKontrak" : "",
        "Nama" : "SCRAMBLE",
        "JenisKelamin" : "F",
        "NIK" : "SCRAMBLE",
        "TempatLahir" : "SCRAMBLE",
        "TanggalLahir" : "2022-02-12T00:00:00.000+0700",
        "Alamat" : {
          "DetailAlamat" : "SCRAMBLE",
          "Kelurahan" : "SCRAMBLE",
          "Kecamatan" : "SCRAMBLE",
          "KabupatenKota" : "SCRAMBLE",
          "Provinsi" : "SCRAMBLE",
          "KodePos" : "60179"
        },
        "Perkerjaan" : "SCRAMBLE",
        "TempatKonsumenBekerja" : "SCRAMBLE"
      },
      "Polis" : {
        "TanggalMulaiPolis" : "2021-08-02T00:00:00.000+0700",
        "TanggalSelesaiPolis" : "2025-07-02T00:00:00.000+0700",
        "Rate" : "0.2",
        "TotalSumInsured" : "200000000"
      }
    }, {
      "Konsumen" : {
        "OrderID" : "21CCF91C-7FCC-4BC0-BFC7-90FAF069EF0B",
        "AppID" : "2657663",
        "NoKontrak" : "",
        "Nama" : "HILDA",
        "JenisKelamin" : "F",
        "NIK" : "3209098989098765",
        "TempatLahir" : "FSDF",
        "TanggalLahir" : "1959-01-07T00:00:00.000+0730",
        "Alamat" : {
          "DetailAlamat" : "SDFS",
          "Kelurahan" : "SDFS",
          "Kecamatan" : "DFSDF",
          "KabupatenKota" : "SDFSDF",
          "Provinsi" : "SDFSD",
          "KodePos" : "1212"
        },
        "Perkerjaan" : "SCRAMBLE",
        "TempatKonsumenBekerja" : "SCRAMBLE"
      },
      "Polis" : {
        "TanggalMulaiPolis" : "2021-08-01T00:00:00.000+0700",
        "TanggalSelesaiPolis" : "2027-07-26T00:00:00.000+0700",
        "Rate" : "0.2",
        "TotalSumInsured" : "200000000"
      }
    }, {
      "Konsumen" : {
        "OrderID" : "63300930-82A4-4EC1-8D6E-9229C2B3D6EA",
        "AppID" : "2694605",
        "NoKontrak" : "",
        "Nama" : "SCRAMBLE",
        "JenisKelamin" : "F",
        "NIK" : "3171036401660003",
        "TempatLahir" : "SCRAMBLE",
        "TanggalLahir" : "1966-01-24T00:00:00.000+0700",
        "Alamat" : {
          "DetailAlamat" : "SCRAMBLE",
          "Kelurahan" : "SCRAMBLE",
          "Kecamatan" : "SCRAMBLE",
          "KabupatenKota" : "SCRAMBLE",
          "Provinsi" : "SCRAMBLE",
          "KodePos" : "10610"
        },
        "Perkerjaan" : "SCRAMBLE",
        "TempatKonsumenBekerja" : "SCRAMBLE"
      },
      "Polis" : {
        "TanggalMulaiPolis" : "2021-08-02T00:00:00.000+0700",
        "TanggalSelesaiPolis" : "2025-07-02T00:00:00.000+0700",
        "Rate" : "0.2",
        "TotalSumInsured" : "200000000"
      }
    }, {
      "Konsumen" : {
        "OrderID" : "D3D7F91D-61B9-434A-99DC-06E7EFA89C88",
        "AppID" : "2714436",
        "NoKontrak" : "",
        "Nama" : "SCRAMBLE",
        "JenisKelamin" : "M",
        "NIK" : "09.5303.100869.0257",
        "TempatLahir" : "SCRAMBLE",
        "TanggalLahir" : "1969-08-10T00:00:00.000+0700",
        "Alamat" : {
          "DetailAlamat" : "SCRAMBLE",
          "Kelurahan" : "SCRAMBLE",
          "Kecamatan" : "SCRAMBLE",
          "KabupatenKota" : "SCRAMBLE",
          "Provinsi" : "SCRAMBLE",
          "KodePos" : "15810"
        },
        "Perkerjaan" : "SCRAMBLE",
        "TempatKonsumenBekerja" : "SCRAMBLE"
      },
      "Polis" : {
        "TanggalMulaiPolis" : "2021-08-02T00:00:00.000+0700",
        "TanggalSelesaiPolis" : "2025-07-02T00:00:00.000+0700",
        "Rate" : "0.2",
        "TotalSumInsured" : "200000000"
      }
    }, {
      "Konsumen" : {
        "OrderID" : "6DB8D99F-B44B-4261-B4F0-863842E70AFC",
        "AppID" : "2691575",
        "NoKontrak" : "",
        "Nama" : "SCRAMBLE",
        "JenisKelamin" : "F",
        "NIK" : "SCRAMBLE",
        "TempatLahir" : "SCRAMBLE",
        "TanggalLahir" : "2022-02-12T00:00:00.000+0700",
        "Alamat" : {
          "DetailAlamat" : "SCRAMBLE",
          "Kelurahan" : "SCRAMBLE",
          "Kecamatan" : "SCRAMBLE",
          "KabupatenKota" : "SCRAMBLE",
          "Provinsi" : "SCRAMBLE",
          "KodePos" : "40559"
        },
        "Perkerjaan" : "SCRAMBLE",
        "TempatKonsumenBekerja" : "SCRAMBLE"
      },
      "Polis" : {
        "TanggalMulaiPolis" : "2021-08-02T00:00:00.000+0700",
        "TanggalSelesaiPolis" : "2024-07-02T00:00:00.000+0700",
        "Rate" : "0.2",
        "TotalSumInsured" : "200000000"
      }
    }, {
      "Konsumen" : {
        "OrderID" : "B0666FC3-8182-437F-B44C-86556F508826",
        "AppID" : "2714600",
        "NoKontrak" : "",
        "Nama" : "SCRAMBLE",
        "JenisKelamin" : "M",
        "NIK" : "3173020807750004",
        "TempatLahir" : "SCRAMBLE",
        "TanggalLahir" : "1975-07-08T00:00:00.000+0700",
        "Alamat" : {
          "DetailAlamat" : "SCRAMBLE",
          "Kelurahan" : "SCRAMBLE",
          "Kecamatan" : "SCRAMBLE",
          "KabupatenKota" : "SCRAMBLE",
          "Provinsi" : "SCRAMBLE",
          "KodePos" : "11440"
        },
        "Perkerjaan" : "SCRAMBLE",
        "TempatKonsumenBekerja" : "SCRAMBLE"
      },
      "Polis" : {
        "TanggalMulaiPolis" : "2021-08-02T00:00:00.000+0700",
        "TanggalSelesaiPolis" : "2022-08-02T00:00:00.000+0700",
        "Rate" : "0.2",
        "TotalSumInsured" : "200000000"
      }
    }, {
      "Konsumen" : {
        "OrderID" : "D56E062F-CA3F-4546-AAC7-8841F876BAEA",
        "AppID" : "2705912",
        "NoKontrak" : "",
        "Nama" : "SCRAMBLE",
        "JenisKelamin" : "M",
        "NIK" : "3573031810700002",
        "TempatLahir" : "SCRAMBLE",
        "TanggalLahir" : "1970-10-18T00:00:00.000+0700",
        "Alamat" : {
          "DetailAlamat" : "SCRAMBLE",
          "Kelurahan" : "SCRAMBLE",
          "Kecamatan" : "SCRAMBLE",
          "KabupatenKota" : "SCRAMBLE",
          "Provinsi" : "SCRAMBLE",
          "KodePos" : "65112"
        },
        "Perkerjaan" : "SCRAMBLE",
        "TempatKonsumenBekerja" : "SCRAMBLE"
      },
      "Polis" : {
        "TanggalMulaiPolis" : "2021-08-02T00:00:00.000+0700",
        "TanggalSelesaiPolis" : "2024-07-02T00:00:00.000+0700",
        "Rate" : "0.2",
        "TotalSumInsured" : "200000000"
      }
    }, {
      "Konsumen" : {
        "OrderID" : "3766F63F-7327-4681-B285-086FD5D9A3E5",
        "AppID" : "2714501",
        "NoKontrak" : "",
        "Nama" : "SCRAMBLE",
        "JenisKelamin" : "F",
        "NIK" : "SCRAMBLE",
        "TempatLahir" : "SCRAMBLE",
        "TanggalLahir" : "2022-02-12T00:00:00.000+0700",
        "Alamat" : {
          "DetailAlamat" : "SCRAMBLE",
          "Kelurahan" : "SCRAMBLE",
          "Kecamatan" : "SCRAMBLE",
          "KabupatenKota" : "SCRAMBLE",
          "Provinsi" : "SCRAMBLE",
          "KodePos" : "61321"
        },
        "Perkerjaan" : "SCRAMBLE",
        "TempatKonsumenBekerja" : "SCRAMBLE"
      },
      "Polis" : {
        "TanggalMulaiPolis" : "2021-08-02T00:00:00.000+0700",
        "TanggalSelesaiPolis" : "2026-07-02T00:00:00.000+0700",
        "Rate" : "0.2",
        "TotalSumInsured" : "200000000"
      }
    }, {
      "Konsumen" : {
        "OrderID" : "974CA323-195B-4BEB-99C1-09B0A04A9248",
        "AppID" : "2712666",
        "NoKontrak" : "",
        "Nama" : "SCRAMBLE",
        "JenisKelamin" : "M",
        "NIK" : "SCRAMBLE",
        "TempatLahir" : "SCRAMBLE",
        "TanggalLahir" : "2022-02-12T00:00:00.000+0700",
        "Alamat" : {
          "DetailAlamat" : "SCRAMBLE",
          "Kelurahan" : "SCRAMBLE",
          "Kecamatan" : "SCRAMBLE",
          "KabupatenKota" : "SCRAMBLE",
          "Provinsi" : "SCRAMBLE",
          "KodePos" : "15416"
        },
        "Perkerjaan" : "SCRAMBLE",
        "TempatKonsumenBekerja" : "SCRAMBLE"
      },
      "Polis" : {
        "TanggalMulaiPolis" : "2021-08-02T00:00:00.000+0700",
        "TanggalSelesaiPolis" : "2025-07-02T00:00:00.000+0700",
        "Rate" : "0.2",
        "TotalSumInsured" : "200000000"
      }
    }, {
      "Konsumen" : {
        "OrderID" : "0E45D11A-A1F6-4003-A2D0-8F43EEE14BBB",
        "AppID" : "2710578",
        "NoKontrak" : "",
        "Nama" : "SCRAMBLE",
        "JenisKelamin" : "M",
        "NIK" : "SCRAMBLE",
        "TempatLahir" : "SCRAMBLE",
        "TanggalLahir" : "2022-02-12T00:00:00.000+0700",
        "Alamat" : {
          "DetailAlamat" : "SCRAMBLE",
          "Kelurahan" : "SCRAMBLE",
          "Kecamatan" : "SCRAMBLE",
          "KabupatenKota" : "SCRAMBLE",
          "Provinsi" : "SCRAMBLE",
          "KodePos" : "15148"
        },
        "Perkerjaan" : "SCRAMBLE",
        "TempatKonsumenBekerja" : "SCRAMBLE"
      },
      "Polis" : {
        "TanggalMulaiPolis" : "2021-08-02T00:00:00.000+0700",
        "TanggalSelesaiPolis" : "2023-07-02T00:00:00.000+0700",
        "Rate" : "0.2",
        "TotalSumInsured" : "200000000"
      }
    } ],
    "Endorse" : [ ]
  }
}

2022-04-21 14:36:21 - [MESSAGE][INFO] - {
  "ErrorCode" : "04",
  "ErrorMessage" : "Data pada page ini telah diorder",
  "Page" : "",
  "TotalPage" : "20",
  "TotalDataOrder" : "20",
  "TotalDataBelumTerimaPolis" : "33",
  "TotalDataEndorse" : "0",
  "Data" : {
    "Order" : [ ],
    "BelumTerimaPolis" : [ {
      "Konsumen" : {
        "OrderID" : "29D947AC-1F9A-4871-807A-0008CA1B533B",
        "AppID" : "2712032",
        "NoKontrak" : "",
        "Nama" : "SCRAMBLE",
        "JenisKelamin" : "M",
        "NIK" : "3201020406760018",
        "TempatLahir" : "SCRAMBLE",
        "TanggalLahir" : "1976-06-04T00:00:00.000+0700",
        "Alamat" : {
          "DetailAlamat" : "SCRAMBLE",
          "Kelurahan" : "SCRAMBLE",
          "Kecamatan" : "SCRAMBLE",
          "KabupatenKota" : "SCRAMBLE",
          "Provinsi" : "SCRAMBLE",
          "KodePos" : "16964"
        },
        "Perkerjaan" : "SCRAMBLE",
        "TempatKonsumenBekerja" : "SCRAMBLE"
      },
      "Polis" : {
        "TanggalMulaiPolis" : "2021-07-30T00:00:00.000+0700",
        "TanggalSelesaiPolis" : "2024-06-30T00:00:00.000+0700",
        "Rate" : "0.2",
        "TotalSumInsured" : "200000000"
      }
    }, {
      "Konsumen" : {
        "OrderID" : "15C939C6-D83F-4FF2-BF9F-001268802457",
        "AppID" : "2714727",
        "NoKontrak" : "",
        "Nama" : "SCRAMBLE",
        "JenisKelamin" : "",
        "NIK" : "113",
        "TempatLahir" : "SCRAMBLE",
        "TanggalLahir" : "1900-01-01T00:00:00.000+0700",
        "Alamat" : {
          "DetailAlamat" : "SCRAMBLE",
          "Kelurahan" : "SCRAMBLE",
          "Kecamatan" : "SCRAMBLE",
          "KabupatenKota" : "SCRAMBLE",
          "Provinsi" : "SCRAMBLE",
          "KodePos" : "11230"
        },
        "Perkerjaan" : "SCRAMBLE",
        "TempatKonsumenBekerja" : "SCRAMBLE"
      },
      "Polis" : {
        "TanggalMulaiPolis" : "2021-07-30T00:00:00.000+0700",
        "TanggalSelesaiPolis" : "2024-06-30T00:00:00.000+0700",
        "Rate" : "0.2",
        "TotalSumInsured" : "200000000"
      }
    }, {
      "Konsumen" : {
        "OrderID" : "A2161EAF-0E80-48DC-AE02-001443EF43A8",
        "AppID" : "2709117",
        "NoKontrak" : "",
        "Nama" : "SCRAMBLE",
        "JenisKelamin" : "",
        "NIK" : "36",
        "TempatLahir" : "SCRAMBLE",
        "TanggalLahir" : "2008-12-19T00:00:00.000+0700",
        "Alamat" : {
          "DetailAlamat" : "SCRAMBLE",
          "Kelurahan" : "SCRAMBLE",
          "Kecamatan" : "SCRAMBLE",
          "KabupatenKota" : "SCRAMBLE",
          "Provinsi" : "SCRAMBLE",
          "KodePos" : "97127"
        },
        "Perkerjaan" : "SCRAMBLE",
        "TempatKonsumenBekerja" : "SCRAMBLE"
      },
      "Polis" : {
        "TanggalMulaiPolis" : "2021-08-02T00:00:00.000+0700",
        "TanggalSelesaiPolis" : "2022-07-02T00:00:00.000+0700",
        "Rate" : "0.2",
        "TotalSumInsured" : "200000000"
      }
    }, {
      "Konsumen" : {
        "OrderID" : "940E9A1A-1772-465A-AE84-001676D1F4F7",
        "AppID" : "2715275",
        "NoKontrak" : "",
        "Nama" : "SCRAMBLE",
        "JenisKelamin" : "M",
        "NIK" : "3318100808880010",
        "TempatLahir" : "SCRAMBLE",
        "TanggalLahir" : "1988-08-08T00:00:00.000+0700",
        "Alamat" : {
          "DetailAlamat" : "SCRAMBLE",
          "Kelurahan" : "SCRAMBLE",
          "Kecamatan" : "SCRAMBLE",
          "KabupatenKota" : "SCRAMBLE",
          "Provinsi" : "SCRAMBLE",
          "KodePos" : "59114"
        },
        "Perkerjaan" : "SCRAMBLE",
        "TempatKonsumenBekerja" : "SCRAMBLE"
      },
      "Polis" : {
        "TanggalMulaiPolis" : "2021-07-30T00:00:00.000+0700",
        "TanggalSelesaiPolis" : "2023-06-30T00:00:00.000+0700",
        "Rate" : "0.2",
        "TotalSumInsured" : "200000000"
      }
    }, {
      "Konsumen" : {
        "OrderID" : "771B82DC-A851-4DF7-BC77-0020013F1A16",
        "AppID" : "2750251",
        "NoKontrak" : "",
        "Nama" : "SCRAMBLE",
        "JenisKelamin" : "F",
        "NIK" : "SCRAMBLE",
        "TempatLahir" : "SCRAMBLE",
        "TanggalLahir" : "2022-02-12T00:00:00.000+0700",
        "Alamat" : {
          "DetailAlamat" : "SCRAMBLE",
          "Kelurahan" : "SCRAMBLE",
          "Kecamatan" : "SCRAMBLE",
          "KabupatenKota" : "SCRAMBLE",
          "Provinsi" : "SCRAMBLE",
          "KodePos" : "16969"
        },
        "Perkerjaan" : "SCRAMBLE",
        "TempatKonsumenBekerja" : "SCRAMBLE"
      },
      "Polis" : {
        "TanggalMulaiPolis" : "2021-09-29T00:00:00.000+0700",
        "TanggalSelesaiPolis" : "2026-08-29T00:00:00.000+0700",
        "Rate" : "0.2",
        "TotalSumInsured" : "200000000"
      }
    }, {
      "Konsumen" : {
        "OrderID" : "DA520A87-E167-4373-8363-002885CDF004",
        "AppID" : "2732525",
        "NoKontrak" : "",
        "Nama" : "SCRAMBLE",
        "JenisKelamin" : "M",
        "NIK" : "3404060106870001",
        "TempatLahir" : "SCRAMBLE",
        "TanggalLahir" : "1987-06-01T00:00:00.000+0700",
        "Alamat" : {
          "DetailAlamat" : "SCRAMBLE",
          "Kelurahan" : "SCRAMBLE",
          "Kecamatan" : "SCRAMBLE",
          "KabupatenKota" : "SCRAMBLE",
          "Provinsi" : "SCRAMBLE",
          "KodePos" : "55196"
        },
        "Perkerjaan" : "SCRAMBLE",
        "TempatKonsumenBekerja" : "SCRAMBLE"
      },
      "Polis" : {
        "TanggalMulaiPolis" : "2021-09-30T00:00:00.000+0700",
        "TanggalSelesaiPolis" : "2024-08-30T00:00:00.000+0700",
        "Rate" : "0.2",
        "TotalSumInsured" : "200000000"
      }
    }, {
      "Konsumen" : {
        "OrderID" : "5007FE36-E411-4CC0-AC50-00289B0539DA",
        "AppID" : "2712231",
        "NoKontrak" : "",
        "Nama" : "SCRAMBLE",
        "JenisKelamin" : "",
        "NIK" : "30",
        "TempatLahir" : "SCRAMBLE",
        "TanggalLahir" : "2016-09-09T00:00:00.000+0700",
        "Alamat" : {
          "DetailAlamat" : "SCRAMBLE",
          "Kelurahan" : "SCRAMBLE",
          "Kecamatan" : "SCRAMBLE",
          "KabupatenKota" : "SCRAMBLE",
          "Provinsi" : "SCRAMBLE",
          "KodePos" : "40553"
        },
        "Perkerjaan" : "SCRAMBLE",
        "TempatKonsumenBekerja" : "SCRAMBLE"
      },
      "Polis" : {
        "TanggalMulaiPolis" : "2021-07-30T00:00:00.000+0700",
        "TanggalSelesaiPolis" : "2023-06-30T00:00:00.000+0700",
        "Rate" : "0.2",
        "TotalSumInsured" : "200000000"
      }
    }, {
      "Konsumen" : {
        "OrderID" : "9704C84E-C61B-4AD0-BDAE-003D7D46C629",
        "AppID" : "2713480",
        "NoKontrak" : "",
        "Nama" : "SCRAMBLE",
        "JenisKelamin" : "F",
        "NIK" : "SCRAMBLE",
        "TempatLahir" : "SCRAMBLE",
        "TanggalLahir" : "2022-02-12T00:00:00.000+0700",
        "Alamat" : {
          "DetailAlamat" : "SCRAMBLE",
          "Kelurahan" : "SCRAMBLE",
          "Kecamatan" : "SCRAMBLE",
          "KabupatenKota" : "SCRAMBLE",
          "Provinsi" : "SCRAMBLE",
          "KodePos" : "50742"
        },
        "Perkerjaan" : "SCRAMBLE",
        "TempatKonsumenBekerja" : "SCRAMBLE"
      },
      "Polis" : {
        "TanggalMulaiPolis" : "2021-07-30T00:00:00.000+0700",
        "TanggalSelesaiPolis" : "2027-06-30T00:00:00.000+0700",
        "Rate" : "0.2",
        "TotalSumInsured" : "200000000"
      }
    }, {
      "Konsumen" : {
        "OrderID" : "E2C93E06-B401-4483-BA48-007D826E07EE",
        "AppID" : "2691102",
        "NoKontrak" : "",
        "Nama" : "SCRAMBLE",
        "JenisKelamin" : "M",
        "NIK" : "SCRAMBLE",
        "TempatLahir" : "SCRAMBLE",
        "TanggalLahir" : "2022-02-12T00:00:00.000+0700",
        "Alamat" : {
          "DetailAlamat" : "SCRAMBLE",
          "Kelurahan" : "SCRAMBLE",
          "Kecamatan" : "SCRAMBLE",
          "KabupatenKota" : "SCRAMBLE",
          "Provinsi" : "SCRAMBLE",
          "KodePos" : "14240"
        },
        "Perkerjaan" : "SCRAMBLE",
        "TempatKonsumenBekerja" : "SCRAMBLE"
      },
      "Polis" : {
        "TanggalMulaiPolis" : "2021-08-02T00:00:00.000+0700",
        "TanggalSelesaiPolis" : "2024-07-02T00:00:00.000+0700",
        "Rate" : "0.2",
        "TotalSumInsured" : "200000000"
      }
    }, {
      "Konsumen" : {
        "OrderID" : "BBB186DB-3DAB-486F-BE36-00FBCA1ED5E9",
        "AppID" : "2704723",
        "NoKontrak" : "",
        "Nama" : "SCRAMBLE",
        "JenisKelamin" : "F",
        "NIK" : "SCRAMBLE",
        "TempatLahir" : "SCRAMBLE",
        "TanggalLahir" : "2022-02-12T00:00:00.000+0700",
        "Alamat" : {
          "DetailAlamat" : "SCRAMBLE",
          "Kelurahan" : "SCRAMBLE",
          "Kecamatan" : "SCRAMBLE",
          "KabupatenKota" : "SCRAMBLE",
          "Provinsi" : "SCRAMBLE",
          "KodePos" : "96181"
        },
        "Perkerjaan" : "SCRAMBLE",
        "TempatKonsumenBekerja" : "SCRAMBLE"
      },
      "Polis" : {
        "TanggalMulaiPolis" : "2021-08-02T00:00:00.000+0700",
        "TanggalSelesaiPolis" : "2025-07-02T00:00:00.000+0700",
        "Rate" : "0.2",
        "TotalSumInsured" : "200000000"
      }
    }, {
      "Konsumen" : {
        "OrderID" : "3EEDEF80-696F-4A8E-A37D-010B0A329EFD",
        "AppID" : "2715770",
        "NoKontrak" : "",
        "Nama" : "SCRAMBLE",
        "JenisKelamin" : "M",
        "NIK" : "3175072810610001",
        "TempatLahir" : "SCRAMBLE",
        "TanggalLahir" : "1961-10-28T00:00:00.000+0730",
        "Alamat" : {
          "DetailAlamat" : "SCRAMBLE",
          "Kelurahan" : "SCRAMBLE",
          "Kecamatan" : "SCRAMBLE",
          "KabupatenKota" : "SCRAMBLE",
          "Provinsi" : "SCRAMBLE",
          "KodePos" : "13440"
        },
        "Perkerjaan" : "SCRAMBLE",
        "TempatKonsumenBekerja" : "SCRAMBLE"
      },
      "Polis" : {
        "TanggalMulaiPolis" : "2021-08-02T00:00:00.000+0700",
        "TanggalSelesaiPolis" : "2023-07-02T00:00:00.000+0700",
        "Rate" : "0.2",
        "TotalSumInsured" : "200000000"
      }
    }, {
      "Konsumen" : {
        "OrderID" : "0550CBED-A956-46C1-8C92-01482F3A5281",
        "AppID" : "2710962",
        "NoKontrak" : "",
        "Nama" : "SCRAMBLE",
        "JenisKelamin" : "M",
        "NIK" : "SCRAMBLE",
        "TempatLahir" : "SCRAMBLE",
        "TanggalLahir" : "2022-02-12T00:00:00.000+0700",
        "Alamat" : {
          "DetailAlamat" : "SCRAMBLE",
          "Kelurahan" : "SCRAMBLE",
          "Kecamatan" : "SCRAMBLE",
          "KabupatenKota" : "SCRAMBLE",
          "Provinsi" : "SCRAMBLE",
          "KodePos" : "28784"
        },
        "Perkerjaan" : "SCRAMBLE",
        "TempatKonsumenBekerja" : "SCRAMBLE"
      },
      "Polis" : {
        "TanggalMulaiPolis" : "2021-08-02T00:00:00.000+0700",
        "TanggalSelesaiPolis" : "2025-07-02T00:00:00.000+0700",
        "Rate" : "0.2",
        "TotalSumInsured" : "200000000"
      }
    }, {
      "Konsumen" : {
        "OrderID" : "BC1AB1D5-EE89-4FBC-B7E8-018DFDBF5ED2",
        "AppID" : "2712918",
        "NoKontrak" : "",
        "Nama" : "SCRAMBLE",
        "JenisKelamin" : "M",
        "NIK" : "SCRAMBLE",
        "TempatLahir" : "SCRAMBLE",
        "TanggalLahir" : "2022-02-12T00:00:00.000+0700",
        "Alamat" : {
          "DetailAlamat" : "SCRAMBLE",
          "Kelurahan" : "SCRAMBLE",
          "Kecamatan" : "SCRAMBLE",
          "KabupatenKota" : "SCRAMBLE",
          "Provinsi" : "SCRAMBLE",
          "KodePos" : "38656"
        },
        "Perkerjaan" : "SCRAMBLE",
        "TempatKonsumenBekerja" : "SCRAMBLE"
      },
      "Polis" : {
        "TanggalMulaiPolis" : "2021-07-30T00:00:00.000+0700",
        "TanggalSelesaiPolis" : "2024-06-30T00:00:00.000+0700",
        "Rate" : "0.2",
        "TotalSumInsured" : "200000000"
      }
    }, {
      "Konsumen" : {
        "OrderID" : "292348A1-826A-4DF3-8E39-019993CF8A3C",
        "AppID" : "2711665",
        "NoKontrak" : "",
        "Nama" : "SCRAMBLE",
        "JenisKelamin" : "M",
        "NIK" : "SCRAMBLE",
        "TempatLahir" : "SCRAMBLE",
        "TanggalLahir" : "2022-02-12T00:00:00.000+0700",
        "Alamat" : {
          "DetailAlamat" : "SCRAMBLE",
          "Kelurahan" : "SCRAMBLE",
          "Kecamatan" : "SCRAMBLE",
          "KabupatenKota" : "SCRAMBLE",
          "Provinsi" : "SCRAMBLE",
          "KodePos" : "28992"
        },
        "Perkerjaan" : "SCRAMBLE",
        "TempatKonsumenBekerja" : "SCRAMBLE"
      },
      "Polis" : {
        "TanggalMulaiPolis" : "2021-07-30T00:00:00.000+0700",
        "TanggalSelesaiPolis" : "2025-06-30T00:00:00.000+0700",
        "Rate" : "0.2",
        "TotalSumInsured" : "200000000"
      }
    }, {
      "Konsumen" : {
        "OrderID" : "F4C8E0ED-532F-42F1-9CAE-01EDAD7E74DF",
        "AppID" : "2710076",
        "NoKontrak" : "",
        "Nama" : "SCRAMBLE",
        "JenisKelamin" : "F",
        "NIK" : "SCRAMBLE",
        "TempatLahir" : "SCRAMBLE",
        "TanggalLahir" : "2022-02-12T00:00:00.000+0700",
        "Alamat" : {
          "DetailAlamat" : "SCRAMBLE",
          "Kelurahan" : "SCRAMBLE",
          "Kecamatan" : "SCRAMBLE",
          "KabupatenKota" : "SCRAMBLE",
          "Provinsi" : "SCRAMBLE",
          "KodePos" : "31627"
        },
        "Perkerjaan" : "SCRAMBLE",
        "TempatKonsumenBekerja" : "SCRAMBLE"
      },
      "Polis" : {
        "TanggalMulaiPolis" : "2021-07-30T00:00:00.000+0700",
        "TanggalSelesaiPolis" : "2025-06-30T00:00:00.000+0700",
        "Rate" : "0.2",
        "TotalSumInsured" : "200000000"
      }
    }, {
      "Konsumen" : {
        "OrderID" : "FF8F7E27-BE35-42E5-B375-0294BC080CCF",
        "AppID" : "2712879",
        "NoKontrak" : "",
        "Nama" : "SCRAMBLE",
        "JenisKelamin" : "",
        "NIK" : "SCRAMBLE",
        "TempatLahir" : "SCRAMBLE",
        "TanggalLahir" : "2022-02-12T00:00:00.000+0700",
        "Alamat" : {
          "DetailAlamat" : "SCRAMBLE",
          "Kelurahan" : "SCRAMBLE",
          "Kecamatan" : "SCRAMBLE",
          "KabupatenKota" : "SCRAMBLE",
          "Provinsi" : "SCRAMBLE",
          "KodePos" : "10220"
        },
        "Perkerjaan" : "SCRAMBLE",
        "TempatKonsumenBekerja" : "SCRAMBLE"
      },
      "Polis" : {
        "TanggalMulaiPolis" : "2021-07-30T00:00:00.000+0700",
        "TanggalSelesaiPolis" : "2024-06-30T00:00:00.000+0700",
        "Rate" : "0.2",
        "TotalSumInsured" : "200000000"
      }
    }, {
      "Konsumen" : {
        "OrderID" : "D165D01E-735B-44C4-9CCA-02A71BB6B9C6",
        "AppID" : "2707760",
        "NoKontrak" : "",
        "Nama" : "SCRAMBLE",
        "JenisKelamin" : "M",
        "NIK" : "SCRAMBLE",
        "TempatLahir" : "SCRAMBLE",
        "TanggalLahir" : "2022-02-12T00:00:00.000+0700",
        "Alamat" : {
          "DetailAlamat" : "SCRAMBLE",
          "Kelurahan" : "SCRAMBLE",
          "Kecamatan" : "SCRAMBLE",
          "KabupatenKota" : "SCRAMBLE",
          "Provinsi" : "SCRAMBLE",
          "KodePos" : "51141"
        },
        "Perkerjaan" : "SCRAMBLE",
        "TempatKonsumenBekerja" : "SCRAMBLE"
      },
      "Polis" : {
        "TanggalMulaiPolis" : "2021-07-30T00:00:00.000+0700",
        "TanggalSelesaiPolis" : "2024-06-30T00:00:00.000+0700",
        "Rate" : "0.2",
        "TotalSumInsured" : "200000000"
      }
    }, {
      "Konsumen" : {
        "OrderID" : "A5157CA2-D9EB-4AB1-9A37-0DC2CF4248C0",
        "AppID" : "2714570",
        "NoKontrak" : "",
        "Nama" : "SCRAMBLE",
        "JenisKelamin" : "M",
        "NIK" : "SCRAMBLE",
        "TempatLahir" : "SCRAMBLE",
        "TanggalLahir" : "2022-02-12T00:00:00.000+0700",
        "Alamat" : {
          "DetailAlamat" : "SCRAMBLE",
          "Kelurahan" : "SCRAMBLE",
          "Kecamatan" : "SCRAMBLE",
          "KabupatenKota" : "SCRAMBLE",
          "Provinsi" : "SCRAMBLE",
          "KodePos" : "61256"
        },
        "Perkerjaan" : "SCRAMBLE",
        "TempatKonsumenBekerja" : "SCRAMBLE"
      },
      "Polis" : {
        "TanggalMulaiPolis" : "2021-08-02T00:00:00.000+0700",
        "TanggalSelesaiPolis" : "2025-07-02T00:00:00.000+0700",
        "Rate" : "0.2",
        "TotalSumInsured" : "200000000"
      }
    }, {
      "Konsumen" : {
        "OrderID" : "7B6501F6-72B3-4E34-A884-0DFC21337C02",
        "AppID" : "2655029",
        "NoKontrak" : "",
        "Nama" : "SCRAMBLE",
        "JenisKelamin" : "M",
        "NIK" : "SCRAMBLE",
        "TempatLahir" : "SCRAMBLE",
        "TanggalLahir" : "2022-02-12T00:00:00.000+0700",
        "Alamat" : {
          "DetailAlamat" : "SCRAMBLE",
          "Kelurahan" : "SCRAMBLE",
          "Kecamatan" : "SCRAMBLE",
          "KabupatenKota" : "SCRAMBLE",
          "Provinsi" : "SCRAMBLE",
          "KodePos" : "11310"
        },
        "Perkerjaan" : "SCRAMBLE",
        "TempatKonsumenBekerja" : "SCRAMBLE"
      },
      "Polis" : {
        "TanggalMulaiPolis" : "2021-08-02T00:00:00.000+0700",
        "TanggalSelesaiPolis" : "2022-07-02T00:00:00.000+0700",
        "Rate" : "0.2",
        "TotalSumInsured" : "200000000"
      }
    }, {
      "Konsumen" : {
        "OrderID" : "76FB49BF-EAC8-46B4-A2BA-9719F1FDA4D2",
        "AppID" : "2690868",
        "NoKontrak" : "",
        "Nama" : "SCRAMBLE",
        "JenisKelamin" : "M",
        "NIK" : "SCRAMBLE",
        "TempatLahir" : "SCRAMBLE",
        "TanggalLahir" : "2022-02-12T00:00:00.000+0700",
        "Alamat" : {
          "DetailAlamat" : "SCRAMBLE",
          "Kelurahan" : "SCRAMBLE",
          "Kecamatan" : "SCRAMBLE",
          "KabupatenKota" : "SCRAMBLE",
          "Provinsi" : "SCRAMBLE",
          "KodePos" : "40921"
        },
        "Perkerjaan" : "SCRAMBLE",
        "TempatKonsumenBekerja" : "SCRAMBLE"
      },
      "Polis" : {
        "TanggalMulaiPolis" : "2021-08-02T00:00:00.000+0700",
        "TanggalSelesaiPolis" : "2024-07-02T00:00:00.000+0700",
        "Rate" : "0.2",
        "TotalSumInsured" : "200000000"
      }
    }, {
      "Konsumen" : {
        "OrderID" : "31088472-3BE5-473A-A2A3-7FA39BEF7DC0",
        "AppID" : "2690907",
        "NoKontrak" : "",
        "Nama" : "SCRAMBLE",
        "JenisKelamin" : "F",
        "NIK" : "SCRAMBLE",
        "TempatLahir" : "SCRAMBLE",
        "TanggalLahir" : "2022-02-12T00:00:00.000+0700",
        "Alamat" : {
          "DetailAlamat" : "SCRAMBLE",
          "Kelurahan" : "SCRAMBLE",
          "Kecamatan" : "SCRAMBLE",
          "KabupatenKota" : "SCRAMBLE",
          "Provinsi" : "SCRAMBLE",
          "KodePos" : "60115"
        },
        "Perkerjaan" : "SCRAMBLE",
        "TempatKonsumenBekerja" : "SCRAMBLE"
      },
      "Polis" : {
        "TanggalMulaiPolis" : "2021-08-02T00:00:00.000+0700",
        "TanggalSelesaiPolis" : "2022-07-02T00:00:00.000+0700",
        "Rate" : "0.2",
        "TotalSumInsured" : "200000000"
      }
    }, {
      "Konsumen" : {
        "OrderID" : "75991D4A-53EE-4D49-8DF1-80B68E777843",
        "AppID" : "2713445",
        "NoKontrak" : "",
        "Nama" : "SCRAMBLE",
        "JenisKelamin" : "F",
        "NIK" : "3175024206770002",
        "TempatLahir" : "SCRAMBLE",
        "TanggalLahir" : "1977-06-02T00:00:00.000+0700",
        "Alamat" : {
          "DetailAlamat" : "SCRAMBLE",
          "Kelurahan" : "SCRAMBLE",
          "Kecamatan" : "SCRAMBLE",
          "KabupatenKota" : "SCRAMBLE",
          "Provinsi" : "SCRAMBLE",
          "KodePos" : "13230"
        },
        "Perkerjaan" : "SCRAMBLE",
        "TempatKonsumenBekerja" : "SCRAMBLE"
      },
      "Polis" : {
        "TanggalMulaiPolis" : "2021-08-02T00:00:00.000+0700",
        "TanggalSelesaiPolis" : "2023-07-02T00:00:00.000+0700",
        "Rate" : "0.2",
        "TotalSumInsured" : "200000000"
      }
    }, {
      "Konsumen" : {
        "OrderID" : "5FA5FBC1-40F8-41B4-B6C0-89222F4EF69B",
        "AppID" : "2713549",
        "NoKontrak" : "",
        "Nama" : "SCRAMBLE",
        "JenisKelamin" : "F",
        "NIK" : "SCRAMBLE",
        "TempatLahir" : "SCRAMBLE",
        "TanggalLahir" : "2022-02-12T00:00:00.000+0700",
        "Alamat" : {
          "DetailAlamat" : "SCRAMBLE",
          "Kelurahan" : "SCRAMBLE",
          "Kecamatan" : "SCRAMBLE",
          "KabupatenKota" : "SCRAMBLE",
          "Provinsi" : "SCRAMBLE",
          "KodePos" : "16340"
        },
        "Perkerjaan" : "SCRAMBLE",
        "TempatKonsumenBekerja" : "SCRAMBLE"
      },
      "Polis" : {
        "TanggalMulaiPolis" : "2021-08-02T00:00:00.000+0700",
        "TanggalSelesaiPolis" : "2026-07-02T00:00:00.000+0700",
        "Rate" : "0.2",
        "TotalSumInsured" : "200000000"
      }
    }, {
      "Konsumen" : {
        "OrderID" : "FE53CECB-A061-4684-81BD-90E5FE4C63EA",
        "AppID" : "2715276",
        "NoKontrak" : "",
        "Nama" : "SCRAMBLE",
        "JenisKelamin" : "F",
        "NIK" : "SCRAMBLE",
        "TempatLahir" : "SCRAMBLE",
        "TanggalLahir" : "2022-02-12T00:00:00.000+0700",
        "Alamat" : {
          "DetailAlamat" : "SCRAMBLE",
          "Kelurahan" : "SCRAMBLE",
          "Kecamatan" : "SCRAMBLE",
          "KabupatenKota" : "SCRAMBLE",
          "Provinsi" : "SCRAMBLE",
          "KodePos" : "60179"
        },
        "Perkerjaan" : "SCRAMBLE",
        "TempatKonsumenBekerja" : "SCRAMBLE"
      },
      "Polis" : {
        "TanggalMulaiPolis" : "2021-08-02T00:00:00.000+0700",
        "TanggalSelesaiPolis" : "2025-07-02T00:00:00.000+0700",
        "Rate" : "0.2",
        "TotalSumInsured" : "200000000"
      }
    }, {
      "Konsumen" : {
        "OrderID" : "21CCF91C-7FCC-4BC0-BFC7-90FAF069EF0B",
        "AppID" : "2657663",
        "NoKontrak" : "",
        "Nama" : "HILDA",
        "JenisKelamin" : "F",
        "NIK" : "3209098989098765",
        "TempatLahir" : "FSDF",
        "TanggalLahir" : "1959-01-07T00:00:00.000+0730",
        "Alamat" : {
          "DetailAlamat" : "SDFS",
          "Kelurahan" : "SDFS",
          "Kecamatan" : "DFSDF",
          "KabupatenKota" : "SDFSDF",
          "Provinsi" : "SDFSD",
          "KodePos" : "1212"
        },
        "Perkerjaan" : "SCRAMBLE",
        "TempatKonsumenBekerja" : "SCRAMBLE"
      },
      "Polis" : {
        "TanggalMulaiPolis" : "2021-08-01T00:00:00.000+0700",
        "TanggalSelesaiPolis" : "2027-07-26T00:00:00.000+0700",
        "Rate" : "0.2",
        "TotalSumInsured" : "200000000"
      }
    }, {
      "Konsumen" : {
        "OrderID" : "63300930-82A4-4EC1-8D6E-9229C2B3D6EA",
        "AppID" : "2694605",
        "NoKontrak" : "",
        "Nama" : "SCRAMBLE",
        "JenisKelamin" : "F",
        "NIK" : "3171036401660003",
        "TempatLahir" : "SCRAMBLE",
        "TanggalLahir" : "1966-01-24T00:00:00.000+0700",
        "Alamat" : {
          "DetailAlamat" : "SCRAMBLE",
          "Kelurahan" : "SCRAMBLE",
          "Kecamatan" : "SCRAMBLE",
          "KabupatenKota" : "SCRAMBLE",
          "Provinsi" : "SCRAMBLE",
          "KodePos" : "10610"
        },
        "Perkerjaan" : "SCRAMBLE",
        "TempatKonsumenBekerja" : "SCRAMBLE"
      },
      "Polis" : {
        "TanggalMulaiPolis" : "2021-08-02T00:00:00.000+0700",
        "TanggalSelesaiPolis" : "2025-07-02T00:00:00.000+0700",
        "Rate" : "0.2",
        "TotalSumInsured" : "200000000"
      }
    }, {
      "Konsumen" : {
        "OrderID" : "D3D7F91D-61B9-434A-99DC-06E7EFA89C88",
        "AppID" : "2714436",
        "NoKontrak" : "",
        "Nama" : "SCRAMBLE",
        "JenisKelamin" : "M",
        "NIK" : "09.5303.100869.0257",
        "TempatLahir" : "SCRAMBLE",
        "TanggalLahir" : "1969-08-10T00:00:00.000+0700",
        "Alamat" : {
          "DetailAlamat" : "SCRAMBLE",
          "Kelurahan" : "SCRAMBLE",
          "Kecamatan" : "SCRAMBLE",
          "KabupatenKota" : "SCRAMBLE",
          "Provinsi" : "SCRAMBLE",
          "KodePos" : "15810"
        },
        "Perkerjaan" : "SCRAMBLE",
        "TempatKonsumenBekerja" : "SCRAMBLE"
      },
      "Polis" : {
        "TanggalMulaiPolis" : "2021-08-02T00:00:00.000+0700",
        "TanggalSelesaiPolis" : "2025-07-02T00:00:00.000+0700",
        "Rate" : "0.2",
        "TotalSumInsured" : "200000000"
      }
    }, {
      "Konsumen" : {
        "OrderID" : "6DB8D99F-B44B-4261-B4F0-863842E70AFC",
        "AppID" : "2691575",
        "NoKontrak" : "",
        "Nama" : "SCRAMBLE",
        "JenisKelamin" : "F",
        "NIK" : "SCRAMBLE",
        "TempatLahir" : "SCRAMBLE",
        "TanggalLahir" : "2022-02-12T00:00:00.000+0700",
        "Alamat" : {
          "DetailAlamat" : "SCRAMBLE",
          "Kelurahan" : "SCRAMBLE",
          "Kecamatan" : "SCRAMBLE",
          "KabupatenKota" : "SCRAMBLE",
          "Provinsi" : "SCRAMBLE",
          "KodePos" : "40559"
        },
        "Perkerjaan" : "SCRAMBLE",
        "TempatKonsumenBekerja" : "SCRAMBLE"
      },
      "Polis" : {
        "TanggalMulaiPolis" : "2021-08-02T00:00:00.000+0700",
        "TanggalSelesaiPolis" : "2024-07-02T00:00:00.000+0700",
        "Rate" : "0.2",
        "TotalSumInsured" : "200000000"
      }
    }, {
      "Konsumen" : {
        "OrderID" : "B0666FC3-8182-437F-B44C-86556F508826",
        "AppID" : "2714600",
        "NoKontrak" : "",
        "Nama" : "SCRAMBLE",
        "JenisKelamin" : "M",
        "NIK" : "3173020807750004",
        "TempatLahir" : "SCRAMBLE",
        "TanggalLahir" : "1975-07-08T00:00:00.000+0700",
        "Alamat" : {
          "DetailAlamat" : "SCRAMBLE",
          "Kelurahan" : "SCRAMBLE",
          "Kecamatan" : "SCRAMBLE",
          "KabupatenKota" : "SCRAMBLE",
          "Provinsi" : "SCRAMBLE",
          "KodePos" : "11440"
        },
        "Perkerjaan" : "SCRAMBLE",
        "TempatKonsumenBekerja" : "SCRAMBLE"
      },
      "Polis" : {
        "TanggalMulaiPolis" : "2021-08-02T00:00:00.000+0700",
        "TanggalSelesaiPolis" : "2022-08-02T00:00:00.000+0700",
        "Rate" : "0.2",
        "TotalSumInsured" : "200000000"
      }
    }, {
      "Konsumen" : {
        "OrderID" : "D56E062F-CA3F-4546-AAC7-8841F876BAEA",
        "AppID" : "2705912",
        "NoKontrak" : "",
        "Nama" : "SCRAMBLE",
        "JenisKelamin" : "M",
        "NIK" : "3573031810700002",
        "TempatLahir" : "SCRAMBLE",
        "TanggalLahir" : "1970-10-18T00:00:00.000+0700",
        "Alamat" : {
          "DetailAlamat" : "SCRAMBLE",
          "Kelurahan" : "SCRAMBLE",
          "Kecamatan" : "SCRAMBLE",
          "KabupatenKota" : "SCRAMBLE",
          "Provinsi" : "SCRAMBLE",
          "KodePos" : "65112"
        },
        "Perkerjaan" : "SCRAMBLE",
        "TempatKonsumenBekerja" : "SCRAMBLE"
      },
      "Polis" : {
        "TanggalMulaiPolis" : "2021-08-02T00:00:00.000+0700",
        "TanggalSelesaiPolis" : "2024-07-02T00:00:00.000+0700",
        "Rate" : "0.2",
        "TotalSumInsured" : "200000000"
      }
    }, {
      "Konsumen" : {
        "OrderID" : "3766F63F-7327-4681-B285-086FD5D9A3E5",
        "AppID" : "2714501",
        "NoKontrak" : "",
        "Nama" : "SCRAMBLE",
        "JenisKelamin" : "F",
        "NIK" : "SCRAMBLE",
        "TempatLahir" : "SCRAMBLE",
        "TanggalLahir" : "2022-02-12T00:00:00.000+0700",
        "Alamat" : {
          "DetailAlamat" : "SCRAMBLE",
          "Kelurahan" : "SCRAMBLE",
          "Kecamatan" : "SCRAMBLE",
          "KabupatenKota" : "SCRAMBLE",
          "Provinsi" : "SCRAMBLE",
          "KodePos" : "61321"
        },
        "Perkerjaan" : "SCRAMBLE",
        "TempatKonsumenBekerja" : "SCRAMBLE"
      },
      "Polis" : {
        "TanggalMulaiPolis" : "2021-08-02T00:00:00.000+0700",
        "TanggalSelesaiPolis" : "2026-07-02T00:00:00.000+0700",
        "Rate" : "0.2",
        "TotalSumInsured" : "200000000"
      }
    }, {
      "Konsumen" : {
        "OrderID" : "974CA323-195B-4BEB-99C1-09B0A04A9248",
        "AppID" : "2712666",
        "NoKontrak" : "",
        "Nama" : "SCRAMBLE",
        "JenisKelamin" : "M",
        "NIK" : "SCRAMBLE",
        "TempatLahir" : "SCRAMBLE",
        "TanggalLahir" : "2022-02-12T00:00:00.000+0700",
        "Alamat" : {
          "DetailAlamat" : "SCRAMBLE",
          "Kelurahan" : "SCRAMBLE",
          "Kecamatan" : "SCRAMBLE",
          "KabupatenKota" : "SCRAMBLE",
          "Provinsi" : "SCRAMBLE",
          "KodePos" : "15416"
        },
        "Perkerjaan" : "SCRAMBLE",
        "TempatKonsumenBekerja" : "SCRAMBLE"
      },
      "Polis" : {
        "TanggalMulaiPolis" : "2021-08-02T00:00:00.000+0700",
        "TanggalSelesaiPolis" : "2025-07-02T00:00:00.000+0700",
        "Rate" : "0.2",
        "TotalSumInsured" : "200000000"
      }
    }, {
      "Konsumen" : {
        "OrderID" : "0E45D11A-A1F6-4003-A2D0-8F43EEE14BBB",
        "AppID" : "2710578",
        "NoKontrak" : "",
        "Nama" : "SCRAMBLE",
        "JenisKelamin" : "M",
        "NIK" : "SCRAMBLE",
        "TempatLahir" : "SCRAMBLE",
        "TanggalLahir" : "2022-02-12T00:00:00.000+0700",
        "Alamat" : {
          "DetailAlamat" : "SCRAMBLE",
          "Kelurahan" : "SCRAMBLE",
          "Kecamatan" : "SCRAMBLE",
          "KabupatenKota" : "SCRAMBLE",
          "Provinsi" : "SCRAMBLE",
          "KodePos" : "15148"
        },
        "Perkerjaan" : "SCRAMBLE",
        "TempatKonsumenBekerja" : "SCRAMBLE"
      },
      "Polis" : {
        "TanggalMulaiPolis" : "2021-08-02T00:00:00.000+0700",
        "TanggalSelesaiPolis" : "2023-07-02T00:00:00.000+0700",
        "Rate" : "0.2",
        "TotalSumInsured" : "200000000"
      }
    } ],
    "Endorse" : [ ]
  }
}]]></system-out>
         <system-err><![CDATA[]]></system-err>
      </testcase>
      <system-out><![CDATA[2022-04-21 14:36:10 - [TEST_SUITE][PASSED] - Get Token: Test Cases/1. get token -- pa-order]]></system-out>
      <system-err><![CDATA[]]></system-err>
   </testsuite>
</testsuites>
