<?xml version="1.0" encoding="UTF-8"?>
<testsuites name="Feedback" time="15.552" tests="2" failures="0" errors="0">
   <testsuite name="Feedback" tests="2" failures="0" errors="0" time="15.552" skipped="0" timestamp="2022-04-24 11:46:57" hostname="Nia Yusniati - Apandi" id="Test Suites/Feedback">
      <properties>
         <property name="deviceName" value=""/>
         <property name="devicePlatform" value=""/>
         <property name="logFolder" value="C:\\Users\\Nia Yusniati\\Git_Asa\\Personal Accident\\Reports\\20220424_114628\\Feedback\\20220424_114628"/>
         <property name="logFiles" value="C:\\Users\\Nia Yusniati\\Git_Asa\\Personal Accident\\Reports\\20220424_114628\\Feedback\\20220424_114628\\execution0.log"/>
         <property name="attachments" value=""/>
         <property name="hostName" value="Nia Yusniati - Apandi"/>
         <property name="hostAddress" value="192.168.129.156"/>
         <property name="os" value="Windows 10 64bit"/>
         <property name="katalonVersion" value="8.1.0.208"/>
      </properties>
      <testcase name="Test Cases/5. get token -- pa-feedback" time="9.94" classname="Test Cases/5. get token -- pa-feedback" status="PASSED">
         <system-out><![CDATA[2022-04-24 11:46:57 - [TEST_CASE][PASSED] - Test Cases/5. get token -- pa-feedback: Test Cases/5. get token -- pa-feedback

2022-04-24 11:46:59 - [TEST_STEP][PASSED] - token = sendRequest(findTestObject("get-token")): Send request successfully

2022-04-24 11:47:04 - [MESSAGE][INFO] - HAR: C:\Users\Nia Yusniati\Git_Asa\Personal Accident\Reports\20220424_114628\Feedback\20220424_114628\requests\main\0.har

2022-04-24 11:47:04 - [MESSAGE][PASSED] - Send request successfully

2022-04-24 11:47:04 - [TEST_STEP][PASSED] - slurper = new groovy.json.JsonSlurper(): null

2022-04-24 11:47:04 - [TEST_STEP][PASSED] - get_token = slurper.parseText(token.getResponseBodyContent()): null

2022-04-24 11:47:04 - [TEST_STEP][PASSED] - private_token = access_token: null

2022-04-24 11:47:04 - [TEST_STEP][PASSED] - global_token = private_token: null

2022-04-24 11:47:04 - [TEST_STEP][PASSED] - response_token = token.getResponseText(): null

2022-04-24 11:47:04 - [TEST_STEP][PASSED] - logInfo($response_token): 
            {
                "token_type": "BearerToken",
                "access_token": "cCCQUP6KNlxanckw6E2GRhNN5xJy",
                "expires_in": "599",
                "scope": ""
            }
        

2022-04-24 11:47:04 - [MESSAGE][INFO] - 
            {
                "token_type": "BearerToken",
                "access_token": "cCCQUP6KNlxanckw6E2GRhNN5xJy",
                "expires_in": "599",
                "scope": ""
            }
        

2022-04-24 11:47:04 - [TEST_STEP][PASSED] - println("token is :" + global_token): null

2022-04-24 11:47:04 - [TEST_STEP][PASSED] - feedback = findTestObject("pa-feedback", ["token":private_token, "maskapai_id":maskapai_id, "order_id":order_id, "no_polis":no_polis, "base64":base64, "source":source]): null

2022-04-24 11:47:05 - [TEST_STEP][PASSED] - body2 = feedback.getBodyContent(): null

2022-04-24 11:47:05 - [TEST_STEP][PASSED] - req = body2.getText(): null

2022-04-24 11:47:05 - [TEST_STEP][PASSED] - response = sendRequest(feedback): Send request successfully

2022-04-24 11:47:07 - [MESSAGE][INFO] - HAR: C:\Users\Nia Yusniati\Git_Asa\Personal Accident\Reports\20220424_114628\Feedback\20220424_114628\requests\main\1.har

2022-04-24 11:47:07 - [MESSAGE][PASSED] - Send request successfully

2022-04-24 11:47:07 - [TEST_STEP][PASSED] - response_feedback = response.getResponseText(): null

2022-04-24 11:47:07 - [TEST_STEP][PASSED] - markPassed("Hit data ke : " + no): Hit data ke : 1

2022-04-24 11:47:07 - [MESSAGE][PASSED] - Hit data ke : 1

2022-04-24 11:47:07 - [TEST_STEP][PASSED] - logInfo($req): {
  "MaskapaiID": "PA_SIMAS ",
  "OrderID": "15C939C6-D83F-4FF2-BF9F-001268802457",
  "NoPolis": "POLIS-SIMAS-PA-005",
  "Base64EPolis": "1",
  "Source": "SIMAS"
}

2022-04-24 11:47:07 - [MESSAGE][INFO] - {
  "MaskapaiID": "PA_SIMAS ",
  "OrderID": "15C939C6-D83F-4FF2-BF9F-001268802457",
  "NoPolis": "POLIS-SIMAS-PA-005",
  "Base64EPolis": "1",
  "Source": "SIMAS"
}

2022-04-24 11:47:07 - [TEST_STEP][PASSED] - logInfo($response_feedback): {
  "errorCode" : "00",
  "errorMessage" : "NoPolis dan Polis Berhasil dikirim"
}

2022-04-24 11:47:07 - [MESSAGE][INFO] - {
  "errorCode" : "00",
  "errorMessage" : "NoPolis dan Polis Berhasil dikirim"
}]]></system-out>
         <system-err><![CDATA[]]></system-err>
      </testcase>
      <testcase name="Test Cases/5. get token -- pa-feedback" time="4.133" classname="Test Cases/5. get token -- pa-feedback" status="PASSED">
         <system-out><![CDATA[2022-04-24 11:47:07 - [TEST_CASE][PASSED] - Test Cases/5. get token -- pa-feedback: Test Cases/5. get token -- pa-feedback

2022-04-24 11:47:08 - [TEST_STEP][PASSED] - token = sendRequest(findTestObject("get-token")): Send request successfully

2022-04-24 11:47:09 - [MESSAGE][INFO] - HAR: C:\Users\Nia Yusniati\Git_Asa\Personal Accident\Reports\20220424_114628\Feedback\20220424_114628\requests\main\2.har

2022-04-24 11:47:09 - [MESSAGE][PASSED] - Send request successfully

2022-04-24 11:47:09 - [TEST_STEP][PASSED] - slurper = new groovy.json.JsonSlurper(): null

2022-04-24 11:47:09 - [TEST_STEP][PASSED] - get_token = slurper.parseText(token.getResponseBodyContent()): null

2022-04-24 11:47:09 - [TEST_STEP][PASSED] - private_token = access_token: null

2022-04-24 11:47:09 - [TEST_STEP][PASSED] - global_token = private_token: null

2022-04-24 11:47:09 - [TEST_STEP][PASSED] - response_token = token.getResponseText(): null

2022-04-24 11:47:09 - [TEST_STEP][PASSED] - logInfo($response_token): 
            {
                "token_type": "BearerToken",
                "access_token": "O778YkhM7RiYvzn5HrkRkj12apf2",
                "expires_in": "599",
                "scope": ""
            }
        

2022-04-24 11:47:09 - [MESSAGE][INFO] - 
            {
                "token_type": "BearerToken",
                "access_token": "O778YkhM7RiYvzn5HrkRkj12apf2",
                "expires_in": "599",
                "scope": ""
            }
        

2022-04-24 11:47:09 - [TEST_STEP][PASSED] - println("token is :" + global_token): null

2022-04-24 11:47:09 - [TEST_STEP][PASSED] - feedback = findTestObject("pa-feedback", ["token":private_token, "maskapai_id":maskapai_id, "order_id":order_id, "no_polis":no_polis, "base64":base64, "source":source]): null

2022-04-24 11:47:09 - [TEST_STEP][PASSED] - body2 = feedback.getBodyContent(): null

2022-04-24 11:47:09 - [TEST_STEP][PASSED] - req = body2.getText(): null

2022-04-24 11:47:09 - [TEST_STEP][PASSED] - response = sendRequest(feedback): Send request successfully

2022-04-24 11:47:12 - [MESSAGE][INFO] - HAR: C:\Users\Nia Yusniati\Git_Asa\Personal Accident\Reports\20220424_114628\Feedback\20220424_114628\requests\main\3.har

2022-04-24 11:47:12 - [MESSAGE][PASSED] - Send request successfully

2022-04-24 11:47:12 - [TEST_STEP][PASSED] - response_feedback = response.getResponseText(): null

2022-04-24 11:47:12 - [TEST_STEP][PASSED] - markPassed("Hit data ke : " + no): Hit data ke : 2

2022-04-24 11:47:12 - [MESSAGE][PASSED] - Hit data ke : 2

2022-04-24 11:47:12 - [TEST_STEP][PASSED] - logInfo($req): {
  "MaskapaiID": "PA_SIMAS ",
  "OrderID": "A2161EAF-0E80-48DC-AE02-001443EF43A8",
  "NoPolis": "POLIS-SIMAS-PA-006",
  "Base64EPolis": "1",
  "Source": "SIMAS"
}

2022-04-24 11:47:12 - [MESSAGE][INFO] - {
  "MaskapaiID": "PA_SIMAS ",
  "OrderID": "A2161EAF-0E80-48DC-AE02-001443EF43A8",
  "NoPolis": "POLIS-SIMAS-PA-006",
  "Base64EPolis": "1",
  "Source": "SIMAS"
}

2022-04-24 11:47:12 - [TEST_STEP][PASSED] - logInfo($response_feedback): {
  "errorCode" : "00",
  "errorMessage" : "NoPolis dan Polis Berhasil dikirim"
}

2022-04-24 11:47:12 - [MESSAGE][INFO] - {
  "errorCode" : "00",
  "errorMessage" : "NoPolis dan Polis Berhasil dikirim"
}]]></system-out>
         <system-err><![CDATA[]]></system-err>
      </testcase>
      <system-out><![CDATA[2022-04-24 11:46:57 - [TEST_SUITE][PASSED] - Feedback: Test Cases/5. get token -- pa-feedback]]></system-out>
      <system-err><![CDATA[]]></system-err>
   </testsuite>
</testsuites>
