<?xml version="1.0" encoding="UTF-8"?>
<testsuites name="Feedback" time="6.267" tests="1" failures="0" errors="0">
   <testsuite name="Feedback" tests="1" failures="0" errors="0" time="6.267" skipped="0" timestamp="2022-04-24 13:30:00" hostname="Nia Yusniati - Apandi" id="Test Suites/Feedback">
      <properties>
         <property name="deviceName" value=""/>
         <property name="devicePlatform" value=""/>
         <property name="logFolder" value="C:\\Users\\Nia Yusniati\\Git_Asa\\Personal Accident\\Reports\\20220424_132948\\Feedback\\20220424_132948"/>
         <property name="logFiles" value="C:\\Users\\Nia Yusniati\\Git_Asa\\Personal Accident\\Reports\\20220424_132948\\Feedback\\20220424_132948\\execution0.log"/>
         <property name="attachments" value=""/>
         <property name="hostName" value="Nia Yusniati - Apandi"/>
         <property name="hostAddress" value="192.168.1.17"/>
         <property name="os" value="Windows 10 64bit"/>
         <property name="katalonVersion" value="8.1.0.208"/>
      </properties>
      <testcase name="Test Cases/5. get token -- pa-feedback" time="4.998" classname="Test Cases/5. get token -- pa-feedback" status="PASSED">
         <system-out><![CDATA[2022-04-24 13:30:01 - [TEST_CASE][PASSED] - Test Cases/5. get token -- pa-feedback: Test Cases/5. get token -- pa-feedback

2022-04-24 13:30:03 - [TEST_STEP][PASSED] - token = sendRequest(findTestObject("get-token")): Send request successfully

2022-04-24 13:30:05 - [MESSAGE][INFO] - HAR: C:\Users\Nia Yusniati\Git_Asa\Personal Accident\Reports\20220424_132948\Feedback\20220424_132948\requests\main\0.har

2022-04-24 13:30:05 - [MESSAGE][PASSED] - Send request successfully

2022-04-24 13:30:05 - [TEST_STEP][PASSED] - slurper = new groovy.json.JsonSlurper(): null

2022-04-24 13:30:05 - [TEST_STEP][PASSED] - get_token = slurper.parseText(token.getResponseBodyContent()): null

2022-04-24 13:30:05 - [TEST_STEP][PASSED] - private_token = access_token: null

2022-04-24 13:30:05 - [TEST_STEP][PASSED] - global_token = private_token: null

2022-04-24 13:30:05 - [TEST_STEP][PASSED] - response_token = token.getResponseText(): null

2022-04-24 13:30:05 - [TEST_STEP][PASSED] - logInfo($response_token): {"fault":{"faultstring":"Access Denied for client ip : 61.5.44.53","detail":{"errorcode":"accesscontrol.IPDeniedAccess"}}}

2022-04-24 13:30:05 - [MESSAGE][INFO] - {"fault":{"faultstring":"Access Denied for client ip : 61.5.44.53","detail":{"errorcode":"accesscontrol.IPDeniedAccess"}}}

2022-04-24 13:30:05 - [TEST_STEP][PASSED] - println("token is :" + global_token): null

2022-04-24 13:30:05 - [TEST_STEP][PASSED] - feedback = findTestObject("pa-feedback", ["token":private_token, "maskapai_id":maskapai_id, "order_id":order_id, "no_polis":no_polis, "base64":base64, "source":source]): null

2022-04-24 13:30:06 - [TEST_STEP][PASSED] - body2 = feedback.getBodyContent(): null

2022-04-24 13:30:06 - [TEST_STEP][PASSED] - req = body2.getText(): null

2022-04-24 13:30:06 - [TEST_STEP][PASSED] - response = sendRequest(feedback): Send request successfully

2022-04-24 13:30:06 - [MESSAGE][INFO] - HAR: C:\Users\Nia Yusniati\Git_Asa\Personal Accident\Reports\20220424_132948\Feedback\20220424_132948\requests\main\1.har

2022-04-24 13:30:06 - [MESSAGE][PASSED] - Send request successfully

2022-04-24 13:30:06 - [TEST_STEP][PASSED] - response_feedback = response.getResponseText(): null

2022-04-24 13:30:06 - [TEST_STEP][PASSED] - markPassed("Hit data ke : " + no): Hit data ke : 1

2022-04-24 13:30:06 - [MESSAGE][PASSED] - Hit data ke : 1

2022-04-24 13:30:06 - [TEST_STEP][PASSED] - logInfo($req): {
  "MaskapaiID": "PA_SIMAS",
  "OrderID": "7B9E047C-BB27-4F1F-85D2-FFB88A1E9468",
  "NoPolis": "POLIS-SIMAS-PA-001",
  "Base64EPolis": "1",
  "Source": "SIMAS"
}

2022-04-24 13:30:06 - [MESSAGE][INFO] - {
  "MaskapaiID": "PA_SIMAS",
  "OrderID": "7B9E047C-BB27-4F1F-85D2-FFB88A1E9468",
  "NoPolis": "POLIS-SIMAS-PA-001",
  "Base64EPolis": "1",
  "Source": "SIMAS"
}

2022-04-24 13:30:06 - [TEST_STEP][PASSED] - logInfo($response_feedback): 
            {
                "error": "Invalid access token"
            }
        

2022-04-24 13:30:06 - [MESSAGE][INFO] - 
            {
                "error": "Invalid access token"
            }]]></system-out>
         <system-err><![CDATA[]]></system-err>
      </testcase>
      <system-out><![CDATA[2022-04-24 13:30:00 - [TEST_SUITE][PASSED] - Feedback: Test Cases/5. get token -- pa-feedback]]></system-out>
      <system-err><![CDATA[]]></system-err>
   </testsuite>
</testsuites>
