<?xml version="1.0" encoding="UTF-8"?>
<testsuites name="Feedback" time="25.629" tests="10" failures="0" errors="0">
   <testsuite name="Feedback" tests="10" failures="0" errors="0" time="25.629" skipped="0" timestamp="2022-04-25 15:38:16" hostname="Nia Yusniati - Apandi" id="Test Suites/Feedback">
      <properties>
         <property name="deviceName" value=""/>
         <property name="devicePlatform" value=""/>
         <property name="logFolder" value="C:\\Users\\Nia Yusniati\\Git_Asa\\Personal Accident\\Reports\\20220425_153742\\Feedback\\20220425_153742"/>
         <property name="logFiles" value="C:\\Users\\Nia Yusniati\\Git_Asa\\Personal Accident\\Reports\\20220425_153742\\Feedback\\20220425_153742\\execution0.log"/>
         <property name="attachments" value=""/>
         <property name="hostName" value="Nia Yusniati - Apandi"/>
         <property name="hostAddress" value="10.10.90.72"/>
         <property name="os" value="Windows 10 64bit"/>
         <property name="katalonVersion" value="8.1.0.208"/>
      </properties>
      <testcase name="Test Cases/5. get token -- pa-feedback" time="9.784" classname="Test Cases/5. get token -- pa-feedback" status="PASSED">
         <system-out><![CDATA[2022-04-25 15:38:18 - [TEST_CASE][PASSED] - Test Cases/5. get token -- pa-feedback: Test Cases/5. get token -- pa-feedback

2022-04-25 15:38:20 - [TEST_STEP][PASSED] - token = sendRequest(findTestObject("get-token")): Send request successfully

2022-04-25 15:38:25 - [MESSAGE][INFO] - HAR: C:\Users\Nia Yusniati\Git_Asa\Personal Accident\Reports\20220425_153742\Feedback\20220425_153742\requests\main\0.har

2022-04-25 15:38:25 - [MESSAGE][PASSED] - Send request successfully

2022-04-25 15:38:25 - [TEST_STEP][PASSED] - slurper = new groovy.json.JsonSlurper(): null

2022-04-25 15:38:25 - [TEST_STEP][PASSED] - get_token = slurper.parseText(token.getResponseBodyContent()): null

2022-04-25 15:38:25 - [TEST_STEP][PASSED] - private_token = access_token: null

2022-04-25 15:38:25 - [TEST_STEP][PASSED] - global_token = private_token: null

2022-04-25 15:38:25 - [TEST_STEP][PASSED] - response_token = token.getResponseText(): null

2022-04-25 15:38:25 - [TEST_STEP][PASSED] - logInfo($response_token): 
            {
                "token_type": "BearerToken",
                "access_token": "SGFiYKZmf1nTl5a1ZM3MzzTGPDiP",
                "expires_in": "599",
                "scope": ""
            }
        

2022-04-25 15:38:25 - [MESSAGE][INFO] - 
            {
                "token_type": "BearerToken",
                "access_token": "SGFiYKZmf1nTl5a1ZM3MzzTGPDiP",
                "expires_in": "599",
                "scope": ""
            }
        

2022-04-25 15:38:25 - [TEST_STEP][PASSED] - println("token is :" + global_token): null

2022-04-25 15:38:26 - [TEST_STEP][PASSED] - feedback = findTestObject("pa-feedback", ["token":private_token, "maskapai_id":maskapai_id, "order_id":order_id, "no_polis":no_polis, "base64":base64, "source":source]): null

2022-04-25 15:38:26 - [TEST_STEP][PASSED] - body2 = feedback.getBodyContent(): null

2022-04-25 15:38:26 - [TEST_STEP][PASSED] - req = body2.getText(): null

2022-04-25 15:38:27 - [TEST_STEP][PASSED] - response = sendRequest(feedback): Send request successfully

2022-04-25 15:38:27 - [MESSAGE][INFO] - HAR: C:\Users\Nia Yusniati\Git_Asa\Personal Accident\Reports\20220425_153742\Feedback\20220425_153742\requests\main\1.har

2022-04-25 15:38:27 - [MESSAGE][PASSED] - Send request successfully

2022-04-25 15:38:27 - [TEST_STEP][PASSED] - response_feedback = response.getResponseText(): null

2022-04-25 15:38:27 - [TEST_STEP][PASSED] - markPassed("Hit data ke : " + no): Hit data ke : 1

2022-04-25 15:38:27 - [MESSAGE][PASSED] - Hit data ke : 1

2022-04-25 15:38:27 - [TEST_STEP][PASSED] - logInfo($req): {
  "MaskapaiID": "PA_SIMAS ",
  "OrderID": "B832C1DB-66A7-456B-AC0B-003B5D74A763",
  "NoPolis": "POLIS-SIMAS-PA-046",
  "Base64EPolis": "1",
  "Source": "SIMAS"
}

2022-04-25 15:38:27 - [MESSAGE][INFO] - {
  "MaskapaiID": "PA_SIMAS ",
  "OrderID": "B832C1DB-66A7-456B-AC0B-003B5D74A763",
  "NoPolis": "POLIS-SIMAS-PA-046",
  "Base64EPolis": "1",
  "Source": "SIMAS"
}

2022-04-25 15:38:27 - [TEST_STEP][PASSED] - logInfo($response_feedback): {
  "errorCode" : "00",
  "errorMessage" : "NoPolis dan Polis Berhasil dikirim"
}

2022-04-25 15:38:27 - [MESSAGE][INFO] - {
  "errorCode" : "00",
  "errorMessage" : "NoPolis dan Polis Berhasil dikirim"
}]]></system-out>
         <system-err><![CDATA[]]></system-err>
      </testcase>
      <testcase name="Test Cases/5. get token -- pa-feedback" time="1.871" classname="Test Cases/5. get token -- pa-feedback" status="PASSED">
         <system-out><![CDATA[2022-04-25 15:38:28 - [TEST_CASE][PASSED] - Test Cases/5. get token -- pa-feedback: Test Cases/5. get token -- pa-feedback

2022-04-25 15:38:28 - [TEST_STEP][PASSED] - token = sendRequest(findTestObject("get-token")): Send request successfully

2022-04-25 15:38:28 - [MESSAGE][INFO] - HAR: C:\Users\Nia Yusniati\Git_Asa\Personal Accident\Reports\20220425_153742\Feedback\20220425_153742\requests\main\2.har

2022-04-25 15:38:28 - [MESSAGE][PASSED] - Send request successfully

2022-04-25 15:38:28 - [TEST_STEP][PASSED] - slurper = new groovy.json.JsonSlurper(): null

2022-04-25 15:38:28 - [TEST_STEP][PASSED] - get_token = slurper.parseText(token.getResponseBodyContent()): null

2022-04-25 15:38:28 - [TEST_STEP][PASSED] - private_token = access_token: null

2022-04-25 15:38:28 - [TEST_STEP][PASSED] - global_token = private_token: null

2022-04-25 15:38:28 - [TEST_STEP][PASSED] - response_token = token.getResponseText(): null

2022-04-25 15:38:28 - [TEST_STEP][PASSED] - logInfo($response_token): 
            {
                "token_type": "BearerToken",
                "access_token": "oCnCS1ACw1CMNwDFkcUpoeElCW2k",
                "expires_in": "599",
                "scope": ""
            }
        

2022-04-25 15:38:28 - [MESSAGE][INFO] - 
            {
                "token_type": "BearerToken",
                "access_token": "oCnCS1ACw1CMNwDFkcUpoeElCW2k",
                "expires_in": "599",
                "scope": ""
            }
        

2022-04-25 15:38:28 - [TEST_STEP][PASSED] - println("token is :" + global_token): null

2022-04-25 15:38:28 - [TEST_STEP][PASSED] - feedback = findTestObject("pa-feedback", ["token":private_token, "maskapai_id":maskapai_id, "order_id":order_id, "no_polis":no_polis, "base64":base64, "source":source]): null

2022-04-25 15:38:29 - [TEST_STEP][PASSED] - body2 = feedback.getBodyContent(): null

2022-04-25 15:38:29 - [TEST_STEP][PASSED] - req = body2.getText(): null

2022-04-25 15:38:29 - [TEST_STEP][PASSED] - response = sendRequest(feedback): Send request successfully

2022-04-25 15:38:30 - [MESSAGE][INFO] - HAR: C:\Users\Nia Yusniati\Git_Asa\Personal Accident\Reports\20220425_153742\Feedback\20220425_153742\requests\main\3.har

2022-04-25 15:38:30 - [MESSAGE][PASSED] - Send request successfully

2022-04-25 15:38:30 - [TEST_STEP][PASSED] - response_feedback = response.getResponseText(): null

2022-04-25 15:38:30 - [TEST_STEP][PASSED] - markPassed("Hit data ke : " + no): Hit data ke : 2

2022-04-25 15:38:30 - [MESSAGE][PASSED] - Hit data ke : 2

2022-04-25 15:38:30 - [TEST_STEP][PASSED] - logInfo($req): {
  "MaskapaiID": "PA_SIMAS ",
  "OrderID": "7CC1B2BB-903E-4B82-B4A7-04B50002698C",
  "NoPolis": "POLIS-SIMAS-PA-047",
  "Base64EPolis": "1",
  "Source": "SIMAS"
}

2022-04-25 15:38:30 - [MESSAGE][INFO] - {
  "MaskapaiID": "PA_SIMAS ",
  "OrderID": "7CC1B2BB-903E-4B82-B4A7-04B50002698C",
  "NoPolis": "POLIS-SIMAS-PA-047",
  "Base64EPolis": "1",
  "Source": "SIMAS"
}

2022-04-25 15:38:30 - [TEST_STEP][PASSED] - logInfo($response_feedback): {
  "errorCode" : "00",
  "errorMessage" : "NoPolis dan Polis Berhasil dikirim"
}

2022-04-25 15:38:30 - [MESSAGE][INFO] - {
  "errorCode" : "00",
  "errorMessage" : "NoPolis dan Polis Berhasil dikirim"
}]]></system-out>
         <system-err><![CDATA[]]></system-err>
      </testcase>
      <testcase name="Test Cases/5. get token -- pa-feedback" time="1.258" classname="Test Cases/5. get token -- pa-feedback" status="PASSED">
         <system-out><![CDATA[2022-04-25 15:38:30 - [TEST_CASE][PASSED] - Test Cases/5. get token -- pa-feedback: Test Cases/5. get token -- pa-feedback

2022-04-25 15:38:30 - [TEST_STEP][PASSED] - token = sendRequest(findTestObject("get-token")): Send request successfully

2022-04-25 15:38:30 - [MESSAGE][INFO] - HAR: C:\Users\Nia Yusniati\Git_Asa\Personal Accident\Reports\20220425_153742\Feedback\20220425_153742\requests\main\4.har

2022-04-25 15:38:30 - [MESSAGE][PASSED] - Send request successfully

2022-04-25 15:38:30 - [TEST_STEP][PASSED] - slurper = new groovy.json.JsonSlurper(): null

2022-04-25 15:38:30 - [TEST_STEP][PASSED] - get_token = slurper.parseText(token.getResponseBodyContent()): null

2022-04-25 15:38:30 - [TEST_STEP][PASSED] - private_token = access_token: null

2022-04-25 15:38:30 - [TEST_STEP][PASSED] - global_token = private_token: null

2022-04-25 15:38:30 - [TEST_STEP][PASSED] - response_token = token.getResponseText(): null

2022-04-25 15:38:30 - [TEST_STEP][PASSED] - logInfo($response_token): 
            {
                "token_type": "BearerToken",
                "access_token": "NVNF2hNavxC1a9FMq3kp6RnZa0eL",
                "expires_in": "599",
                "scope": ""
            }
        

2022-04-25 15:38:30 - [MESSAGE][INFO] - 
            {
                "token_type": "BearerToken",
                "access_token": "NVNF2hNavxC1a9FMq3kp6RnZa0eL",
                "expires_in": "599",
                "scope": ""
            }
        

2022-04-25 15:38:30 - [TEST_STEP][PASSED] - println("token is :" + global_token): null

2022-04-25 15:38:30 - [TEST_STEP][PASSED] - feedback = findTestObject("pa-feedback", ["token":private_token, "maskapai_id":maskapai_id, "order_id":order_id, "no_polis":no_polis, "base64":base64, "source":source]): null

2022-04-25 15:38:31 - [TEST_STEP][PASSED] - body2 = feedback.getBodyContent(): null

2022-04-25 15:38:31 - [TEST_STEP][PASSED] - req = body2.getText(): null

2022-04-25 15:38:31 - [TEST_STEP][PASSED] - response = sendRequest(feedback): Send request successfully

2022-04-25 15:38:31 - [MESSAGE][INFO] - HAR: C:\Users\Nia Yusniati\Git_Asa\Personal Accident\Reports\20220425_153742\Feedback\20220425_153742\requests\main\5.har

2022-04-25 15:38:31 - [MESSAGE][PASSED] - Send request successfully

2022-04-25 15:38:31 - [TEST_STEP][PASSED] - response_feedback = response.getResponseText(): null

2022-04-25 15:38:31 - [TEST_STEP][PASSED] - markPassed("Hit data ke : " + no): Hit data ke : 3

2022-04-25 15:38:31 - [MESSAGE][PASSED] - Hit data ke : 3

2022-04-25 15:38:31 - [TEST_STEP][PASSED] - logInfo($req): {
  "MaskapaiID": "PA_SIMAS ",
  "OrderID": "52955080-5971-4930-97F1-020811367B78",
  "NoPolis": "POLIS-SIMAS-PA-048",
  "Base64EPolis": "1",
  "Source": "SIMAS"
}

2022-04-25 15:38:31 - [MESSAGE][INFO] - {
  "MaskapaiID": "PA_SIMAS ",
  "OrderID": "52955080-5971-4930-97F1-020811367B78",
  "NoPolis": "POLIS-SIMAS-PA-048",
  "Base64EPolis": "1",
  "Source": "SIMAS"
}

2022-04-25 15:38:31 - [TEST_STEP][PASSED] - logInfo($response_feedback): {
  "errorCode" : "00",
  "errorMessage" : "NoPolis dan Polis Berhasil dikirim"
}

2022-04-25 15:38:31 - [MESSAGE][INFO] - {
  "errorCode" : "00",
  "errorMessage" : "NoPolis dan Polis Berhasil dikirim"
}]]></system-out>
         <system-err><![CDATA[]]></system-err>
      </testcase>
      <testcase name="Test Cases/5. get token -- pa-feedback" time="1.225" classname="Test Cases/5. get token -- pa-feedback" status="PASSED">
         <system-out><![CDATA[2022-04-25 15:38:31 - [TEST_CASE][PASSED] - Test Cases/5. get token -- pa-feedback: Test Cases/5. get token -- pa-feedback

2022-04-25 15:38:31 - [TEST_STEP][PASSED] - token = sendRequest(findTestObject("get-token")): Send request successfully

2022-04-25 15:38:32 - [MESSAGE][INFO] - HAR: C:\Users\Nia Yusniati\Git_Asa\Personal Accident\Reports\20220425_153742\Feedback\20220425_153742\requests\main\6.har

2022-04-25 15:38:32 - [MESSAGE][PASSED] - Send request successfully

2022-04-25 15:38:32 - [TEST_STEP][PASSED] - slurper = new groovy.json.JsonSlurper(): null

2022-04-25 15:38:32 - [TEST_STEP][PASSED] - get_token = slurper.parseText(token.getResponseBodyContent()): null

2022-04-25 15:38:32 - [TEST_STEP][PASSED] - private_token = access_token: null

2022-04-25 15:38:32 - [TEST_STEP][PASSED] - global_token = private_token: null

2022-04-25 15:38:32 - [TEST_STEP][PASSED] - response_token = token.getResponseText(): null

2022-04-25 15:38:32 - [TEST_STEP][PASSED] - logInfo($response_token): 
            {
                "token_type": "BearerToken",
                "access_token": "0CwUyRbsOIfce8GsuPg3hfXSVdwb",
                "expires_in": "599",
                "scope": ""
            }
        

2022-04-25 15:38:32 - [MESSAGE][INFO] - 
            {
                "token_type": "BearerToken",
                "access_token": "0CwUyRbsOIfce8GsuPg3hfXSVdwb",
                "expires_in": "599",
                "scope": ""
            }
        

2022-04-25 15:38:32 - [TEST_STEP][PASSED] - println("token is :" + global_token): null

2022-04-25 15:38:32 - [TEST_STEP][PASSED] - feedback = findTestObject("pa-feedback", ["token":private_token, "maskapai_id":maskapai_id, "order_id":order_id, "no_polis":no_polis, "base64":base64, "source":source]): null

2022-04-25 15:38:32 - [TEST_STEP][PASSED] - body2 = feedback.getBodyContent(): null

2022-04-25 15:38:32 - [TEST_STEP][PASSED] - req = body2.getText(): null

2022-04-25 15:38:32 - [TEST_STEP][PASSED] - response = sendRequest(feedback): Send request successfully

2022-04-25 15:38:32 - [MESSAGE][INFO] - HAR: C:\Users\Nia Yusniati\Git_Asa\Personal Accident\Reports\20220425_153742\Feedback\20220425_153742\requests\main\7.har

2022-04-25 15:38:32 - [MESSAGE][PASSED] - Send request successfully

2022-04-25 15:38:32 - [TEST_STEP][PASSED] - response_feedback = response.getResponseText(): null

2022-04-25 15:38:33 - [TEST_STEP][PASSED] - markPassed("Hit data ke : " + no): Hit data ke : 4

2022-04-25 15:38:33 - [MESSAGE][PASSED] - Hit data ke : 4

2022-04-25 15:38:33 - [TEST_STEP][PASSED] - logInfo($req): {
  "MaskapaiID": "PA_SIMAS ",
  "OrderID": "E92818F1-E01A-4D7C-9CAB-03546415A86C",
  "NoPolis": "POLIS-SIMAS-PA-049",
  "Base64EPolis": "1",
  "Source": "SIMAS"
}

2022-04-25 15:38:33 - [MESSAGE][INFO] - {
  "MaskapaiID": "PA_SIMAS ",
  "OrderID": "E92818F1-E01A-4D7C-9CAB-03546415A86C",
  "NoPolis": "POLIS-SIMAS-PA-049",
  "Base64EPolis": "1",
  "Source": "SIMAS"
}

2022-04-25 15:38:33 - [TEST_STEP][PASSED] - logInfo($response_feedback): {
  "errorCode" : "00",
  "errorMessage" : "NoPolis dan Polis Berhasil dikirim"
}

2022-04-25 15:38:33 - [MESSAGE][INFO] - {
  "errorCode" : "00",
  "errorMessage" : "NoPolis dan Polis Berhasil dikirim"
}]]></system-out>
         <system-err><![CDATA[]]></system-err>
      </testcase>
      <testcase name="Test Cases/5. get token -- pa-feedback" time="1.336" classname="Test Cases/5. get token -- pa-feedback" status="PASSED">
         <system-out><![CDATA[2022-04-25 15:38:33 - [TEST_CASE][PASSED] - Test Cases/5. get token -- pa-feedback: Test Cases/5. get token -- pa-feedback

2022-04-25 15:38:33 - [TEST_STEP][PASSED] - token = sendRequest(findTestObject("get-token")): Send request successfully

2022-04-25 15:38:33 - [MESSAGE][INFO] - HAR: C:\Users\Nia Yusniati\Git_Asa\Personal Accident\Reports\20220425_153742\Feedback\20220425_153742\requests\main\8.har

2022-04-25 15:38:33 - [MESSAGE][PASSED] - Send request successfully

2022-04-25 15:38:33 - [TEST_STEP][PASSED] - slurper = new groovy.json.JsonSlurper(): null

2022-04-25 15:38:33 - [TEST_STEP][PASSED] - get_token = slurper.parseText(token.getResponseBodyContent()): null

2022-04-25 15:38:33 - [TEST_STEP][PASSED] - private_token = access_token: null

2022-04-25 15:38:33 - [TEST_STEP][PASSED] - global_token = private_token: null

2022-04-25 15:38:33 - [TEST_STEP][PASSED] - response_token = token.getResponseText(): null

2022-04-25 15:38:33 - [TEST_STEP][PASSED] - logInfo($response_token): 
            {
                "token_type": "BearerToken",
                "access_token": "gUayFKn5sMz5m3r0orareEKffTQI",
                "expires_in": "599",
                "scope": ""
            }
        

2022-04-25 15:38:33 - [MESSAGE][INFO] - 
            {
                "token_type": "BearerToken",
                "access_token": "gUayFKn5sMz5m3r0orareEKffTQI",
                "expires_in": "599",
                "scope": ""
            }
        

2022-04-25 15:38:33 - [TEST_STEP][PASSED] - println("token is :" + global_token): null

2022-04-25 15:38:33 - [TEST_STEP][PASSED] - feedback = findTestObject("pa-feedback", ["token":private_token, "maskapai_id":maskapai_id, "order_id":order_id, "no_polis":no_polis, "base64":base64, "source":source]): null

2022-04-25 15:38:34 - [TEST_STEP][PASSED] - body2 = feedback.getBodyContent(): null

2022-04-25 15:38:34 - [TEST_STEP][PASSED] - req = body2.getText(): null

2022-04-25 15:38:34 - [TEST_STEP][PASSED] - response = sendRequest(feedback): Send request successfully

2022-04-25 15:38:34 - [MESSAGE][INFO] - HAR: C:\Users\Nia Yusniati\Git_Asa\Personal Accident\Reports\20220425_153742\Feedback\20220425_153742\requests\main\9.har

2022-04-25 15:38:34 - [MESSAGE][PASSED] - Send request successfully

2022-04-25 15:38:34 - [TEST_STEP][PASSED] - response_feedback = response.getResponseText(): null

2022-04-25 15:38:34 - [TEST_STEP][PASSED] - markPassed("Hit data ke : " + no): Hit data ke : 5

2022-04-25 15:38:34 - [MESSAGE][PASSED] - Hit data ke : 5

2022-04-25 15:38:34 - [TEST_STEP][PASSED] - logInfo($req): {
  "MaskapaiID": "PA_SIMAS ",
  "OrderID": "95AB91DB-7EB8-4DC0-B756-00669020DA00",
  "NoPolis": "POLIS-SIMAS-PA-050",
  "Base64EPolis": "1",
  "Source": "SIMAS"
}

2022-04-25 15:38:34 - [MESSAGE][INFO] - {
  "MaskapaiID": "PA_SIMAS ",
  "OrderID": "95AB91DB-7EB8-4DC0-B756-00669020DA00",
  "NoPolis": "POLIS-SIMAS-PA-050",
  "Base64EPolis": "1",
  "Source": "SIMAS"
}

2022-04-25 15:38:34 - [TEST_STEP][PASSED] - logInfo($response_feedback): {
  "errorCode" : "00",
  "errorMessage" : "NoPolis dan Polis Berhasil dikirim"
}

2022-04-25 15:38:34 - [MESSAGE][INFO] - {
  "errorCode" : "00",
  "errorMessage" : "NoPolis dan Polis Berhasil dikirim"
}]]></system-out>
         <system-err><![CDATA[]]></system-err>
      </testcase>
      <testcase name="Test Cases/5. get token -- pa-feedback" time="1.916" classname="Test Cases/5. get token -- pa-feedback" status="PASSED">
         <system-out><![CDATA[2022-04-25 15:38:34 - [TEST_CASE][PASSED] - Test Cases/5. get token -- pa-feedback: Test Cases/5. get token -- pa-feedback

2022-04-25 15:38:35 - [TEST_STEP][PASSED] - token = sendRequest(findTestObject("get-token")): Send request successfully

2022-04-25 15:38:35 - [MESSAGE][INFO] - HAR: C:\Users\Nia Yusniati\Git_Asa\Personal Accident\Reports\20220425_153742\Feedback\20220425_153742\requests\main\10.har

2022-04-25 15:38:35 - [MESSAGE][PASSED] - Send request successfully

2022-04-25 15:38:35 - [TEST_STEP][PASSED] - slurper = new groovy.json.JsonSlurper(): null

2022-04-25 15:38:35 - [TEST_STEP][PASSED] - get_token = slurper.parseText(token.getResponseBodyContent()): null

2022-04-25 15:38:35 - [TEST_STEP][PASSED] - private_token = access_token: null

2022-04-25 15:38:35 - [TEST_STEP][PASSED] - global_token = private_token: null

2022-04-25 15:38:35 - [TEST_STEP][PASSED] - response_token = token.getResponseText(): null

2022-04-25 15:38:35 - [TEST_STEP][PASSED] - logInfo($response_token): 
            {
                "token_type": "BearerToken",
                "access_token": "uaUYj0van1xG8WRALoAiJlvBiqfJ",
                "expires_in": "599",
                "scope": ""
            }
        

2022-04-25 15:38:35 - [MESSAGE][INFO] - 
            {
                "token_type": "BearerToken",
                "access_token": "uaUYj0van1xG8WRALoAiJlvBiqfJ",
                "expires_in": "599",
                "scope": ""
            }
        

2022-04-25 15:38:35 - [TEST_STEP][PASSED] - println("token is :" + global_token): null

2022-04-25 15:38:35 - [TEST_STEP][PASSED] - feedback = findTestObject("pa-feedback", ["token":private_token, "maskapai_id":maskapai_id, "order_id":order_id, "no_polis":no_polis, "base64":base64, "source":source]): null

2022-04-25 15:38:36 - [TEST_STEP][PASSED] - body2 = feedback.getBodyContent(): null

2022-04-25 15:38:36 - [TEST_STEP][PASSED] - req = body2.getText(): null

2022-04-25 15:38:36 - [TEST_STEP][PASSED] - response = sendRequest(feedback): Send request successfully

2022-04-25 15:38:36 - [MESSAGE][INFO] - HAR: C:\Users\Nia Yusniati\Git_Asa\Personal Accident\Reports\20220425_153742\Feedback\20220425_153742\requests\main\11.har

2022-04-25 15:38:36 - [MESSAGE][PASSED] - Send request successfully

2022-04-25 15:38:36 - [TEST_STEP][PASSED] - response_feedback = response.getResponseText(): null

2022-04-25 15:38:36 - [TEST_STEP][PASSED] - markPassed("Hit data ke : " + no): Hit data ke : 6

2022-04-25 15:38:36 - [MESSAGE][PASSED] - Hit data ke : 6

2022-04-25 15:38:36 - [TEST_STEP][PASSED] - logInfo($req): {
  "MaskapaiID": "PA_SIMAS ",
  "OrderID": "7682D233-6445-4E2B-9391-01ED8642E7D7",
  "NoPolis": "POLIS-SIMAS-PA-051",
  "Base64EPolis": "1",
  "Source": "SIMAS"
}

2022-04-25 15:38:36 - [MESSAGE][INFO] - {
  "MaskapaiID": "PA_SIMAS ",
  "OrderID": "7682D233-6445-4E2B-9391-01ED8642E7D7",
  "NoPolis": "POLIS-SIMAS-PA-051",
  "Base64EPolis": "1",
  "Source": "SIMAS"
}

2022-04-25 15:38:36 - [TEST_STEP][PASSED] - logInfo($response_feedback): {
  "errorCode" : "00",
  "errorMessage" : "NoPolis dan Polis Berhasil dikirim"
}

2022-04-25 15:38:36 - [MESSAGE][INFO] - {
  "errorCode" : "00",
  "errorMessage" : "NoPolis dan Polis Berhasil dikirim"
}]]></system-out>
         <system-err><![CDATA[]]></system-err>
      </testcase>
      <testcase name="Test Cases/5. get token -- pa-feedback" time="1.534" classname="Test Cases/5. get token -- pa-feedback" status="PASSED">
         <system-out><![CDATA[2022-04-25 15:38:37 - [TEST_CASE][PASSED] - Test Cases/5. get token -- pa-feedback: Test Cases/5. get token -- pa-feedback

2022-04-25 15:38:37 - [TEST_STEP][PASSED] - token = sendRequest(findTestObject("get-token")): Send request successfully

2022-04-25 15:38:38 - [MESSAGE][INFO] - HAR: C:\Users\Nia Yusniati\Git_Asa\Personal Accident\Reports\20220425_153742\Feedback\20220425_153742\requests\main\12.har

2022-04-25 15:38:38 - [MESSAGE][PASSED] - Send request successfully

2022-04-25 15:38:38 - [TEST_STEP][PASSED] - slurper = new groovy.json.JsonSlurper(): null

2022-04-25 15:38:38 - [TEST_STEP][PASSED] - get_token = slurper.parseText(token.getResponseBodyContent()): null

2022-04-25 15:38:38 - [TEST_STEP][PASSED] - private_token = access_token: null

2022-04-25 15:38:38 - [TEST_STEP][PASSED] - global_token = private_token: null

2022-04-25 15:38:38 - [TEST_STEP][PASSED] - response_token = token.getResponseText(): null

2022-04-25 15:38:38 - [TEST_STEP][PASSED] - logInfo($response_token): 
            {
                "token_type": "BearerToken",
                "access_token": "pGNjZs6JsJkMNJ4CtRqjAYYBpic7",
                "expires_in": "599",
                "scope": ""
            }
        

2022-04-25 15:38:38 - [MESSAGE][INFO] - 
            {
                "token_type": "BearerToken",
                "access_token": "pGNjZs6JsJkMNJ4CtRqjAYYBpic7",
                "expires_in": "599",
                "scope": ""
            }
        

2022-04-25 15:38:38 - [TEST_STEP][PASSED] - println("token is :" + global_token): null

2022-04-25 15:38:38 - [TEST_STEP][PASSED] - feedback = findTestObject("pa-feedback", ["token":private_token, "maskapai_id":maskapai_id, "order_id":order_id, "no_polis":no_polis, "base64":base64, "source":source]): null

2022-04-25 15:38:38 - [TEST_STEP][PASSED] - body2 = feedback.getBodyContent(): null

2022-04-25 15:38:38 - [TEST_STEP][PASSED] - req = body2.getText(): null

2022-04-25 15:38:38 - [TEST_STEP][PASSED] - response = sendRequest(feedback): Send request successfully

2022-04-25 15:38:38 - [MESSAGE][INFO] - HAR: C:\Users\Nia Yusniati\Git_Asa\Personal Accident\Reports\20220425_153742\Feedback\20220425_153742\requests\main\13.har

2022-04-25 15:38:38 - [MESSAGE][PASSED] - Send request successfully

2022-04-25 15:38:38 - [TEST_STEP][PASSED] - response_feedback = response.getResponseText(): null

2022-04-25 15:38:38 - [TEST_STEP][PASSED] - markPassed("Hit data ke : " + no): Hit data ke : 7

2022-04-25 15:38:38 - [MESSAGE][PASSED] - Hit data ke : 7

2022-04-25 15:38:38 - [TEST_STEP][PASSED] - logInfo($req): {
  "MaskapaiID": "PA_SIMAS ",
  "OrderID": "3F4B21EA-4B69-483E-BD69-015A9E42A804",
  "NoPolis": "POLIS-SIMAS-PA-052",
  "Base64EPolis": "1",
  "Source": "SIMAS"
}

2022-04-25 15:38:38 - [MESSAGE][INFO] - {
  "MaskapaiID": "PA_SIMAS ",
  "OrderID": "3F4B21EA-4B69-483E-BD69-015A9E42A804",
  "NoPolis": "POLIS-SIMAS-PA-052",
  "Base64EPolis": "1",
  "Source": "SIMAS"
}

2022-04-25 15:38:38 - [TEST_STEP][PASSED] - logInfo($response_feedback): {
  "errorCode" : "00",
  "errorMessage" : "NoPolis dan Polis Berhasil dikirim"
}

2022-04-25 15:38:38 - [MESSAGE][INFO] - {
  "errorCode" : "00",
  "errorMessage" : "NoPolis dan Polis Berhasil dikirim"
}]]></system-out>
         <system-err><![CDATA[]]></system-err>
      </testcase>
      <testcase name="Test Cases/5. get token -- pa-feedback" time="0.705" classname="Test Cases/5. get token -- pa-feedback" status="PASSED">
         <system-out><![CDATA[2022-04-25 15:38:39 - [TEST_CASE][PASSED] - Test Cases/5. get token -- pa-feedback: Test Cases/5. get token -- pa-feedback

2022-04-25 15:38:39 - [TEST_STEP][PASSED] - token = sendRequest(findTestObject("get-token")): Send request successfully

2022-04-25 15:38:39 - [MESSAGE][INFO] - HAR: C:\Users\Nia Yusniati\Git_Asa\Personal Accident\Reports\20220425_153742\Feedback\20220425_153742\requests\main\14.har

2022-04-25 15:38:39 - [MESSAGE][PASSED] - Send request successfully

2022-04-25 15:38:39 - [TEST_STEP][PASSED] - slurper = new groovy.json.JsonSlurper(): null

2022-04-25 15:38:39 - [TEST_STEP][PASSED] - get_token = slurper.parseText(token.getResponseBodyContent()): null

2022-04-25 15:38:39 - [TEST_STEP][PASSED] - private_token = access_token: null

2022-04-25 15:38:39 - [TEST_STEP][PASSED] - global_token = private_token: null

2022-04-25 15:38:39 - [TEST_STEP][PASSED] - response_token = token.getResponseText(): null

2022-04-25 15:38:39 - [TEST_STEP][PASSED] - logInfo($response_token): 
            {
                "token_type": "BearerToken",
                "access_token": "ShSf8ZkjMj5rNLxtgtyTopuWQsim",
                "expires_in": "599",
                "scope": ""
            }
        

2022-04-25 15:38:39 - [MESSAGE][INFO] - 
            {
                "token_type": "BearerToken",
                "access_token": "ShSf8ZkjMj5rNLxtgtyTopuWQsim",
                "expires_in": "599",
                "scope": ""
            }
        

2022-04-25 15:38:39 - [TEST_STEP][PASSED] - println("token is :" + global_token): null

2022-04-25 15:38:39 - [TEST_STEP][PASSED] - feedback = findTestObject("pa-feedback", ["token":private_token, "maskapai_id":maskapai_id, "order_id":order_id, "no_polis":no_polis, "base64":base64, "source":source]): null

2022-04-25 15:38:39 - [TEST_STEP][PASSED] - body2 = feedback.getBodyContent(): null

2022-04-25 15:38:39 - [TEST_STEP][PASSED] - req = body2.getText(): null

2022-04-25 15:38:39 - [TEST_STEP][PASSED] - response = sendRequest(feedback): Send request successfully

2022-04-25 15:38:39 - [MESSAGE][INFO] - HAR: C:\Users\Nia Yusniati\Git_Asa\Personal Accident\Reports\20220425_153742\Feedback\20220425_153742\requests\main\15.har

2022-04-25 15:38:39 - [MESSAGE][PASSED] - Send request successfully

2022-04-25 15:38:39 - [TEST_STEP][PASSED] - response_feedback = response.getResponseText(): null

2022-04-25 15:38:39 - [TEST_STEP][PASSED] - markPassed("Hit data ke : " + no): Hit data ke : 8

2022-04-25 15:38:39 - [MESSAGE][PASSED] - Hit data ke : 8

2022-04-25 15:38:39 - [TEST_STEP][PASSED] - logInfo($req): {
  "MaskapaiID": "PA_SIMAS ",
  "OrderID": "CD89425D-5054-46A9-A7D0-01A29EBF594D",
  "NoPolis": "POLIS-SIMAS-PA-053",
  "Base64EPolis": "1",
  "Source": "SIMAS"
}

2022-04-25 15:38:39 - [MESSAGE][INFO] - {
  "MaskapaiID": "PA_SIMAS ",
  "OrderID": "CD89425D-5054-46A9-A7D0-01A29EBF594D",
  "NoPolis": "POLIS-SIMAS-PA-053",
  "Base64EPolis": "1",
  "Source": "SIMAS"
}

2022-04-25 15:38:39 - [TEST_STEP][PASSED] - logInfo($response_feedback): {
  "errorCode" : "00",
  "errorMessage" : "NoPolis dan Polis Berhasil dikirim"
}

2022-04-25 15:38:39 - [MESSAGE][INFO] - {
  "errorCode" : "00",
  "errorMessage" : "NoPolis dan Polis Berhasil dikirim"
}]]></system-out>
         <system-err><![CDATA[]]></system-err>
      </testcase>
      <testcase name="Test Cases/5. get token -- pa-feedback" time="0.83" classname="Test Cases/5. get token -- pa-feedback" status="PASSED">
         <system-out><![CDATA[2022-04-25 15:38:39 - [TEST_CASE][PASSED] - Test Cases/5. get token -- pa-feedback: Test Cases/5. get token -- pa-feedback

2022-04-25 15:38:39 - [TEST_STEP][PASSED] - token = sendRequest(findTestObject("get-token")): Send request successfully

2022-04-25 15:38:40 - [MESSAGE][INFO] - HAR: C:\Users\Nia Yusniati\Git_Asa\Personal Accident\Reports\20220425_153742\Feedback\20220425_153742\requests\main\16.har

2022-04-25 15:38:40 - [MESSAGE][PASSED] - Send request successfully

2022-04-25 15:38:40 - [TEST_STEP][PASSED] - slurper = new groovy.json.JsonSlurper(): null

2022-04-25 15:38:40 - [TEST_STEP][PASSED] - get_token = slurper.parseText(token.getResponseBodyContent()): null

2022-04-25 15:38:40 - [TEST_STEP][PASSED] - private_token = access_token: null

2022-04-25 15:38:40 - [TEST_STEP][PASSED] - global_token = private_token: null

2022-04-25 15:38:40 - [TEST_STEP][PASSED] - response_token = token.getResponseText(): null

2022-04-25 15:38:40 - [TEST_STEP][PASSED] - logInfo($response_token): 
            {
                "token_type": "BearerToken",
                "access_token": "gBWTZwTbQjhTGdtdo8S4qLsVUJRJ",
                "expires_in": "599",
                "scope": ""
            }
        

2022-04-25 15:38:40 - [MESSAGE][INFO] - 
            {
                "token_type": "BearerToken",
                "access_token": "gBWTZwTbQjhTGdtdo8S4qLsVUJRJ",
                "expires_in": "599",
                "scope": ""
            }
        

2022-04-25 15:38:40 - [TEST_STEP][PASSED] - println("token is :" + global_token): null

2022-04-25 15:38:40 - [TEST_STEP][PASSED] - feedback = findTestObject("pa-feedback", ["token":private_token, "maskapai_id":maskapai_id, "order_id":order_id, "no_polis":no_polis, "base64":base64, "source":source]): null

2022-04-25 15:38:40 - [TEST_STEP][PASSED] - body2 = feedback.getBodyContent(): null

2022-04-25 15:38:40 - [TEST_STEP][PASSED] - req = body2.getText(): null

2022-04-25 15:38:40 - [TEST_STEP][PASSED] - response = sendRequest(feedback): Send request successfully

2022-04-25 15:38:40 - [MESSAGE][INFO] - HAR: C:\Users\Nia Yusniati\Git_Asa\Personal Accident\Reports\20220425_153742\Feedback\20220425_153742\requests\main\17.har

2022-04-25 15:38:40 - [MESSAGE][PASSED] - Send request successfully

2022-04-25 15:38:40 - [TEST_STEP][PASSED] - response_feedback = response.getResponseText(): null

2022-04-25 15:38:40 - [TEST_STEP][PASSED] - markPassed("Hit data ke : " + no): Hit data ke : 9

2022-04-25 15:38:40 - [MESSAGE][PASSED] - Hit data ke : 9

2022-04-25 15:38:40 - [TEST_STEP][PASSED] - logInfo($req): {
  "MaskapaiID": "PA_SIMAS ",
  "OrderID": "276FF421-8B41-443A-8C47-00FFF8414BDA",
  "NoPolis": "POLIS-SIMAS-PA-054",
  "Base64EPolis": "1",
  "Source": "SIMAS"
}

2022-04-25 15:38:40 - [MESSAGE][INFO] - {
  "MaskapaiID": "PA_SIMAS ",
  "OrderID": "276FF421-8B41-443A-8C47-00FFF8414BDA",
  "NoPolis": "POLIS-SIMAS-PA-054",
  "Base64EPolis": "1",
  "Source": "SIMAS"
}

2022-04-25 15:38:40 - [TEST_STEP][PASSED] - logInfo($response_feedback): {
  "errorCode" : "00",
  "errorMessage" : "NoPolis dan Polis Berhasil dikirim"
}

2022-04-25 15:38:40 - [MESSAGE][INFO] - {
  "errorCode" : "00",
  "errorMessage" : "NoPolis dan Polis Berhasil dikirim"
}]]></system-out>
         <system-err><![CDATA[]]></system-err>
      </testcase>
      <testcase name="Test Cases/5. get token -- pa-feedback" time="0.73" classname="Test Cases/5. get token -- pa-feedback" status="PASSED">
         <system-out><![CDATA[2022-04-25 15:38:40 - [TEST_CASE][PASSED] - Test Cases/5. get token -- pa-feedback: Test Cases/5. get token -- pa-feedback

2022-04-25 15:38:40 - [TEST_STEP][PASSED] - token = sendRequest(findTestObject("get-token")): Send request successfully

2022-04-25 15:38:41 - [MESSAGE][INFO] - HAR: C:\Users\Nia Yusniati\Git_Asa\Personal Accident\Reports\20220425_153742\Feedback\20220425_153742\requests\main\18.har

2022-04-25 15:38:41 - [MESSAGE][PASSED] - Send request successfully

2022-04-25 15:38:41 - [TEST_STEP][PASSED] - slurper = new groovy.json.JsonSlurper(): null

2022-04-25 15:38:41 - [TEST_STEP][PASSED] - get_token = slurper.parseText(token.getResponseBodyContent()): null

2022-04-25 15:38:41 - [TEST_STEP][PASSED] - private_token = access_token: null

2022-04-25 15:38:41 - [TEST_STEP][PASSED] - global_token = private_token: null

2022-04-25 15:38:41 - [TEST_STEP][PASSED] - response_token = token.getResponseText(): null

2022-04-25 15:38:41 - [TEST_STEP][PASSED] - logInfo($response_token): 
            {
                "token_type": "BearerToken",
                "access_token": "7IRf0t9FPlO8dOSGvG5v6mN3OoHT",
                "expires_in": "599",
                "scope": ""
            }
        

2022-04-25 15:38:41 - [MESSAGE][INFO] - 
            {
                "token_type": "BearerToken",
                "access_token": "7IRf0t9FPlO8dOSGvG5v6mN3OoHT",
                "expires_in": "599",
                "scope": ""
            }
        

2022-04-25 15:38:41 - [TEST_STEP][PASSED] - println("token is :" + global_token): null

2022-04-25 15:38:41 - [TEST_STEP][PASSED] - feedback = findTestObject("pa-feedback", ["token":private_token, "maskapai_id":maskapai_id, "order_id":order_id, "no_polis":no_polis, "base64":base64, "source":source]): null

2022-04-25 15:38:41 - [TEST_STEP][PASSED] - body2 = feedback.getBodyContent(): null

2022-04-25 15:38:41 - [TEST_STEP][PASSED] - req = body2.getText(): null

2022-04-25 15:38:41 - [TEST_STEP][PASSED] - response = sendRequest(feedback): Send request successfully

2022-04-25 15:38:41 - [MESSAGE][INFO] - HAR: C:\Users\Nia Yusniati\Git_Asa\Personal Accident\Reports\20220425_153742\Feedback\20220425_153742\requests\main\19.har

2022-04-25 15:38:41 - [MESSAGE][PASSED] - Send request successfully

2022-04-25 15:38:41 - [TEST_STEP][PASSED] - response_feedback = response.getResponseText(): null

2022-04-25 15:38:41 - [TEST_STEP][PASSED] - markPassed("Hit data ke : " + no): Hit data ke : 10

2022-04-25 15:38:41 - [MESSAGE][PASSED] - Hit data ke : 10

2022-04-25 15:38:41 - [TEST_STEP][PASSED] - logInfo($req): {
  "MaskapaiID": "PA_SIMAS ",
  "OrderID": "84B10874-F1B9-444D-991F-0202409EA642",
  "NoPolis": "POLIS-SIMAS-PA-055",
  "Base64EPolis": "1",
  "Source": "SIMAS"
}

2022-04-25 15:38:41 - [MESSAGE][INFO] - {
  "MaskapaiID": "PA_SIMAS ",
  "OrderID": "84B10874-F1B9-444D-991F-0202409EA642",
  "NoPolis": "POLIS-SIMAS-PA-055",
  "Base64EPolis": "1",
  "Source": "SIMAS"
}

2022-04-25 15:38:41 - [TEST_STEP][PASSED] - logInfo($response_feedback): {
  "errorCode" : "00",
  "errorMessage" : "NoPolis dan Polis Berhasil dikirim"
}

2022-04-25 15:38:41 - [MESSAGE][INFO] - {
  "errorCode" : "00",
  "errorMessage" : "NoPolis dan Polis Berhasil dikirim"
}]]></system-out>
         <system-err><![CDATA[]]></system-err>
      </testcase>
      <system-out><![CDATA[2022-04-25 15:38:16 - [TEST_SUITE][PASSED] - Feedback: Test Cases/5. get token -- pa-feedback]]></system-out>
      <system-err><![CDATA[]]></system-err>
   </testsuite>
</testsuites>
